==22588== Memcheck, a memory error detector
==22588== Copyright (C) 2002-2013, and GNU GPL'd, by Julian Seward et al.
==22588== Using Valgrind-3.10.1 and LibVEX; rerun with -h for copyright info
==22588== Command: /rhome/r/rpolic1/workspace/TP/Z5/Z5/.runme
==22588== Parent PID: 22534
==22588== 
==22588== 
==22588== HEAP SUMMARY:
==22588==     in use at exit: 445 bytes in 5 blocks
==22588==   total heap usage: 16 allocs, 11 frees, 733 bytes allocated
==22588== 
==22588== 44 bytes in 1 blocks are possibly lost in loss record 2 of 5
==22588==    at 0x4C2B0E0: operator new(unsigned long) (in /usr/lib/valgrind/vgpreload_memcheck-amd64-linux.so)
==22588==    by 0x4EF1248: std::string::_Rep::_S_create(unsigned long, unsigned long, std::allocator<char> const&) (in /usr/lib/x86_64-linux-gnu/libstdc++.so.6.0.19)
==22588==    by 0x4EF2970: char* std::string::_S_construct<char const*>(char const*, char const*, std::allocator<char> const&, std::forward_iterator_tag) (in /usr/lib/x86_64-linux-gnu/libstdc++.so.6.0.19)
==22588==    by 0x4EF2D87: std::basic_string<char, std::char_traits<char>, std::allocator<char> >::basic_string(char const*, std::allocator<char> const&) (in /usr/lib/x86_64-linux-gnu/libstdc++.so.6.0.19)
==22588==    by 0x4030FE: FourierovRed::checkParams(int, int, double, double, bool) (main.cpp:22)
==22588==    by 0x401957: FourierovRed::FourierovRed(int, double, double, std::function<double (double)>, int) (main.cpp:74)
==22588==    by 0x4024B5: main (main.cpp:151)
==22588== 
==22588== 144 bytes in 1 blocks are possibly lost in loss record 5 of 5
==22588==    at 0x4C2AB80: malloc (in /usr/lib/valgrind/vgpreload_memcheck-amd64-linux.so)
==22588==    by 0x4E94382: __cxa_allocate_exception (in /usr/lib/x86_64-linux-gnu/libstdc++.so.6.0.19)
==22588==    by 0x4030DA: FourierovRed::checkParams(int, int, double, double, bool) (main.cpp:22)
==22588==    by 0x401957: FourierovRed::FourierovRed(int, double, double, std::function<double (double)>, int) (main.cpp:74)
==22588==    by 0x4024B5: main (main.cpp:151)
==22588== 
==22588== LEAK SUMMARY:
==22588==    definitely lost: 0 bytes in 0 blocks
==22588==    indirectly lost: 0 bytes in 0 blocks
==22588==      possibly lost: 188 bytes in 2 blocks
==22588==    still reachable: 257 bytes in 3 blocks
==22588==         suppressed: 0 bytes in 0 blocks
==22588== Reachable blocks (those to which a pointer was found) are not shown.
==22588== To see them, rerun with: --leak-check=full --show-leak-kinds=all
==22588== 
==22588== For counts of detected and suppressed errors, rerun with: -v
==22588== ERROR SUMMARY: 2 errors from 2 contexts (suppressed: 0 from 0)
