[New LWP 12499]
Core was generated by `'.
Program terminated with signal SIGSEGV, Segmentation fault.
#0  0x0000001100000148 in ?? ()
#0  0x0000001100000148 in ?? ()
#1  0x0000000fff000e59 in ?? ()
#2  0x0000000fff000e45 in ?? ()
#3  0x0000000fff000e39 in ?? ()
#4  0x0000000fff000e1d in ?? ()
#5  0x0000000fff000dbf in ?? ()
#6  0x0000000fff000db3 in ?? ()
#7  0x0000000fff000da7 in ?? ()
#8  0x0000000fff000d93 in ?? ()
#9  0x0000000fff000d81 in ?? ()
#10 0x0000000fff000d71 in ?? ()
#11 0x0000000fff000d62 in ?? ()
#12 0x0000000fff000d4c in ?? ()
#13 0x0000000fff000d44 in ?? ()
#14 0x0000000fff000d15 in ?? ()
#15 0x0000000fff000d03 in ?? ()
#16 0x0000000fff000cf6 in ?? ()
#17 0x0000000fff000cd4 in ?? ()
#18 0x0000000fff000cbd in ?? ()
#19 0x0000000fff000c8e in ?? ()
#20 0x0000000fff000c63 in ?? ()
#21 0x0000000fff000a28 in ?? ()
#22 0x0000000fff000a28 in ?? ()
#23 0x0000000fff000a20 in ?? ()
#24 0x0000000fff000a20 in ?? ()
#25 0x0000000fff000a18 in ?? ()
#26 0x0000000c00000306 in ?? ()
#27 0x0000000100000000 in ?? ()
#28 0x000000000505aec5 in __libc_start_main (main=0x400560 <_start>, argc=0, argv=0x40072e <main>, init=<optimized out>, fini=<optimized out>, rtld_fini=<optimized out>, stack_end=0xfff000f38) at libc-start.c:287
#29 0x0000000fff000f28 in ?? ()
#30 0x0000000fff000f38 in ?? ()
#31 0x0000000fff000f60 in ?? ()
#32 0x0000000fff000f93 in ?? ()
#33 0x0000000fff000f9b in ?? ()
#34 0x0000000fff000fa8 in ?? ()
#35 0x0000000000000000 in ?? ()
