==11374== Memcheck, a memory error detector
==11374== Copyright (C) 2002-2013, and GNU GPL'd, by Julian Seward et al.
==11374== Using Valgrind-3.10.1 and LibVEX; rerun with -h for copyright info
==11374== Command: /rhome/r/rpolic1/workspace/TP/T10/Z1/.runme
==11374== Parent PID: 11359
==11374== 
==11374== 
==11374== HEAP SUMMARY:
==11374==     in use at exit: 189 bytes in 2 blocks
==11374==   total heap usage: 3 allocs, 1 frees, 221 bytes allocated
==11374== 
==11374== 45 bytes in 1 blocks are possibly lost in loss record 1 of 2
==11374==    at 0x4C2B0E0: operator new(unsigned long) (in /usr/lib/valgrind/vgpreload_memcheck-amd64-linux.so)
==11374==    by 0x4EF1248: std::string::_Rep::_S_create(unsigned long, unsigned long, std::allocator<char> const&) (in /usr/lib/x86_64-linux-gnu/libstdc++.so.6.0.19)
==11374==    by 0x4EF2970: char* std::string::_S_construct<char const*>(char const*, char const*, std::allocator<char> const&, std::forward_iterator_tag) (in /usr/lib/x86_64-linux-gnu/libstdc++.so.6.0.19)
==11374==    by 0x4EF2D87: std::basic_string<char, std::char_traits<char>, std::allocator<char> >::basic_string(char const*, std::allocator<char> const&) (in /usr/lib/x86_64-linux-gnu/libstdc++.so.6.0.19)
==11374==    by 0x400F49: StedniRacun::Ulozi(double) (main.cpp:14)
==11374==    by 0x400D7B: main (main.cpp:44)
==11374== 
==11374== 144 bytes in 1 blocks are possibly lost in loss record 2 of 2
==11374==    at 0x4C2AB80: malloc (in /usr/lib/valgrind/vgpreload_memcheck-amd64-linux.so)
==11374==    by 0x4E94382: __cxa_allocate_exception (in /usr/lib/x86_64-linux-gnu/libstdc++.so.6.0.19)
==11374==    by 0x400F25: StedniRacun::Ulozi(double) (main.cpp:14)
==11374==    by 0x400D7B: main (main.cpp:44)
==11374== 
==11374== LEAK SUMMARY:
==11374==    definitely lost: 0 bytes in 0 blocks
==11374==    indirectly lost: 0 bytes in 0 blocks
==11374==      possibly lost: 189 bytes in 2 blocks
==11374==    still reachable: 0 bytes in 0 blocks
==11374==         suppressed: 0 bytes in 0 blocks
==11374== 
==11374== For counts of detected and suppressed errors, rerun with: -v
==11374== ERROR SUMMARY: 2 errors from 2 contexts (suppressed: 0 from 0)
