[New LWP 16021]
Core was generated by `'.
Program terminated with signal SIGSEGV, Segmentation fault.
#0  0x0000000000400e48 in std::_Function_base::_Base_manager<main()::__lambda0>::_M_clone(std::_Any_data &, const std::_Any_data &, std::false_type) (__dest=..., __source=...) at /usr/include/c++/4.8/functional:1911
1911		    new _Functor(*__source._M_access<_Functor*>());
#0  0x0000000000400e48 in std::_Function_base::_Base_manager<main()::__lambda0>::_M_clone(std::_Any_data &, const std::_Any_data &, std::false_type) (__dest=..., __source=...) at /usr/include/c++/4.8/functional:1911
#1  0x0000000000400d92 in std::_Function_base::_Base_manager<main()::__lambda0>::_M_manager(std::_Any_data &, const std::_Any_data &, std::_Manager_operation) (__dest=..., __source=..., __op=std::__clone_functor) at /usr/include/c++/4.8/functional:1946
#2  0x0000000000401051 in std::function<int (int)>::function(std::function<int (int)> const&) (this=0xffe8020d0, __x=...) at /usr/include/c++/4.8/functional:2442
#3  0x0000000000400a88 in IteriranaFunkcija(std::function<int (int)>, int) (f=..., n=1) at /rhome/r/rpolic1/workspace/TP/T7/Z10/main.cpp:7
#4  0x0000000000400ab5 in IteriranaFunkcija(std::function<int (int)>, int) (f=..., n=1) at /rhome/r/rpolic1/workspace/TP/T7/Z10/main.cpp:7
#5  0x0000000000400ab5 in IteriranaFunkcija(std::function<int (int)>, int) (f=..., n=1) at /rhome/r/rpolic1/workspace/TP/T7/Z10/main.cpp:7
#6  0x0000000000400ab5 in IteriranaFunkcija(std::function<int (int)>, int) (f=..., n=1) at /rhome/r/rpolic1/workspace/TP/T7/Z10/main.cpp:7
#7  0x0000000000400ab5 in IteriranaFunkcija(std::function<int (int)>, int) (f=..., n=1) at /rhome/r/rpolic1/workspace/TP/T7/Z10/main.cpp:7
#8  0x0000000000400ab5 in IteriranaFunkcija(std::function<int (int)>, int) (f=..., n=1) at /rhome/r/rpolic1/workspace/TP/T7/Z10/main.cpp:7
#9  0x0000000000400ab5 in IteriranaFunkcija(std::function<int (int)>, int) (f=..., n=1) at /rhome/r/rpolic1/workspace/TP/T7/Z10/main.cpp:7
#10 0x0000000000400ab5 in IteriranaFunkcija(std::function<int (int)>, int) (f=..., n=1) at /rhome/r/rpolic1/workspace/TP/T7/Z10/main.cpp:7
#11 0x0000000000400ab5 in IteriranaFunkcija(std::function<int (int)>, int) (f=..., n=1) at /rhome/r/rpolic1/workspace/TP/T7/Z10/main.cpp:7
#12 0x0000000000400ab5 in IteriranaFunkcija(std::function<int (int)>, int) (f=..., n=1) at /rhome/r/rpolic1/workspace/TP/T7/Z10/main.cpp:7
#13 0x0000000000400ab5 in IteriranaFunkcija(std::function<int (int)>, int) (f=..., n=1) at /rhome/r/rpolic1/workspace/TP/T7/Z10/main.cpp:7
#14 0x0000000000400ab5 in IteriranaFunkcija(std::function<int (int)>, int) (f=..., n=1) at /rhome/r/rpolic1/workspace/TP/T7/Z10/main.cpp:7
#15 0x0000000000400ab5 in IteriranaFunkcija(std::function<int (int)>, int) (f=..., n=1) at /rhome/r/rpolic1/workspace/TP/T7/Z10/main.cpp:7
#16 0x0000000000400ab5 in IteriranaFunkcija(std::function<int (int)>, int) (f=..., n=1) at /rhome/r/rpolic1/workspace/TP/T7/Z10/main.cpp:7
#17 0x0000000000400ab5 in IteriranaFunkcija(std::function<int (int)>, int) (f=..., n=1) at /rhome/r/rpolic1/workspace/TP/T7/Z10/main.cpp:7
#18 0x0000000000400ab5 in IteriranaFunkcija(std::function<int (int)>, int) (f=..., n=1) at /rhome/r/rpolic1/workspace/TP/T7/Z10/main.cpp:7
#19 0x0000000000400ab5 in IteriranaFunkcija(std::function<int (int)>, int) (f=..., n=1) at /rhome/r/rpolic1/workspace/TP/T7/Z10/main.cpp:7
#20 0x0000000000400ab5 in IteriranaFunkcija(std::function<int (int)>, int) (f=..., n=1) at /rhome/r/rpolic1/workspace/TP/T7/Z10/main.cpp:7
#21 0x0000000000400ab5 in IteriranaFunkcija(std::function<int (int)>, int) (f=..., n=1) at /rhome/r/rpolic1/workspace/TP/T7/Z10/main.cpp:7
#22 0x0000000000400ab5 in IteriranaFunkcija(std::function<int (int)>, int) (f=..., n=1) at /rhome/r/rpolic1/workspace/TP/T7/Z10/main.cpp:7
#23 0x0000000000400ab5 in IteriranaFunkcija(std::function<int (int)>, int) (f=..., n=1) at /rhome/r/rpolic1/workspace/TP/T7/Z10/main.cpp:7
#24 0x0000000000400ab5 in IteriranaFunkcija(std::function<int (int)>, int) (f=..., n=1) at /rhome/r/rpolic1/workspace/TP/T7/Z10/main.cpp:7
#25 0x0000000000400ab5 in IteriranaFunkcija(std::function<int (int)>, int) (f=..., n=1) at /rhome/r/rpolic1/workspace/TP/T7/Z10/main.cpp:7
#26 0x0000000000400ab5 in IteriranaFunkcija(std::function<int (int)>, int) (f=..., n=1) at /rhome/r/rpolic1/workspace/TP/T7/Z10/main.cpp:7
#27 0x0000000000400ab5 in IteriranaFunkcija(std::function<int (int)>, int) (f=..., n=1) at /rhome/r/rpolic1/workspace/TP/T7/Z10/main.cpp:7
#28 0x0000000000400ab5 in IteriranaFunkcija(std::function<int (int)>, int) (f=..., n=1) at /rhome/r/rpolic1/workspace/TP/T7/Z10/main.cpp:7
#29 0x0000000000400ab5 in IteriranaFunkcija(std::function<int (int)>, int) (f=..., n=1) at /rhome/r/rpolic1/workspace/TP/T7/Z10/main.cpp:7
#30 0x0000000000400ab5 in IteriranaFunkcija(std::function<int (int)>, int) (f=..., n=1) at /rhome/r/rpolic1/workspace/TP/T7/Z10/main.cpp:7
#31 0x0000000000400ab5 in IteriranaFunkcija(std::function<int (int)>, int) (f=..., n=1) at /rhome/r/rpolic1/workspace/TP/T7/Z10/main.cpp:7
#32 0x0000000000400ab5 in IteriranaFunkcija(std::function<int (int)>, int) (f=..., n=1) at /rhome/r/rpolic1/workspace/TP/T7/Z10/main.cpp:7
#33 0x0000000000400ab5 in IteriranaFunkcija(std::function<int (int)>, int) (f=..., n=1) at /rhome/r/rpolic1/workspace/TP/T7/Z10/main.cpp:7
#34 0x0000000000400ab5 in IteriranaFunkcija(std::function<int (int)>, int) (f=..., n=1) at /rhome/r/rpolic1/workspace/TP/T7/Z10/main.cpp:7
#35 0x0000000000400ab5 in IteriranaFunkcija(std::function<int (int)>, int) (f=..., n=1) at /rhome/r/rpolic1/workspace/TP/T7/Z10/main.cpp:7
#36 0x0000000000400ab5 in IteriranaFunkcija(std::function<int (int)>, int) (f=..., n=1) at /rhome/r/rpolic1/workspace/TP/T7/Z10/main.cpp:7
#37 0x0000000000400ab5 in IteriranaFunkcija(std::function<int (int)>, int) (f=..., n=1) at /rhome/r/rpolic1/workspace/TP/T7/Z10/main.cpp:7
#38 0x0000000000400ab5 in IteriranaFunkcija(std::function<int (int)>, int) (f=..., n=1) at /rhome/r/rpolic1/workspace/TP/T7/Z10/main.cpp:7
#39 0x0000000000400ab5 in IteriranaFunkcija(std::function<int (int)>, int) (f=..., n=1) at /rhome/r/rpolic1/workspace/TP/T7/Z10/main.cpp:7
#40 0x0000000000400ab5 in IteriranaFunkcija(std::function<int (int)>, int) (f=..., n=1) at /rhome/r/rpolic1/workspace/TP/T7/Z10/main.cpp:7
#41 0x0000000000400ab5 in IteriranaFunkcija(std::function<int (int)>, int) (f=..., n=1) at /rhome/r/rpolic1/workspace/TP/T7/Z10/main.cpp:7
#42 0x0000000000400ab5 in IteriranaFunkcija(std::function<int (int)>, int) (f=..., n=1) at /rhome/r/rpolic1/workspace/TP/T7/Z10/main.cpp:7
#43 0x0000000000400ab5 in IteriranaFunkcija(std::function<int (int)>, int) (f=..., n=1) at /rhome/r/rpolic1/workspace/TP/T7/Z10/main.cpp:7
#44 0x0000000000400ab5 in IteriranaFunkcija(std::function<int (int)>, int) (f=..., n=1) at /rhome/r/rpolic1/workspace/TP/T7/Z10/main.cpp:7
#45 0x0000000000400ab5 in IteriranaFunkcija(std::function<int (int)>, int) (f=..., n=1) at /rhome/r/rpolic1/workspace/TP/T7/Z10/main.cpp:7
#46 0x0000000000400ab5 in IteriranaFunkcija(std::function<int (int)>, int) (f=..., n=1) at /rhome/r/rpolic1/workspace/TP/T7/Z10/main.cpp:7
#47 0x0000000000400ab5 in IteriranaFunkcija(std::function<int (int)>, int) (f=..., n=1) at /rhome/r/rpolic1/workspace/TP/T7/Z10/main.cpp:7
#48 0x0000000000400ab5 in IteriranaFunkcija(std::function<int (int)>, int) (f=..., n=1) at /rhome/r/rpolic1/workspace/TP/T7/Z10/main.cpp:7
#49 0x0000000000400ab5 in IteriranaFunkcija(std::function<int (int)>, int) (f=..., n=1) at /rhome/r/rpolic1/workspace/TP/T7/Z10/main.cpp:7
#50 0x0000000000400ab5 in IteriranaFunkcija(std::function<int (int)>, int) (f=..., n=1) at /rhome/r/rpolic1/workspace/TP/T7/Z10/main.cpp:7
#51 0x0000000000400ab5 in IteriranaFunkcija(std::function<int (int)>, int) (f=..., n=1) at /rhome/r/rpolic1/workspace/TP/T7/Z10/main.cpp:7
#52 0x0000000000400ab5 in IteriranaFunkcija(std::function<int (int)>, int) (f=..., n=1) at /rhome/r/rpolic1/workspace/TP/T7/Z10/main.cpp:7
#53 0x0000000000400ab5 in IteriranaFunkcija(std::function<int (int)>, int) (f=..., n=1) at /rhome/r/rpolic1/workspace/TP/T7/Z10/main.cpp:7
#54 0x0000000000400ab5 in IteriranaFunkcija(std::function<int (int)>, int) (f=..., n=1) at /rhome/r/rpolic1/workspace/TP/T7/Z10/main.cpp:7
#55 0x0000000000400ab5 in IteriranaFunkcija(std::function<int (int)>, int) (f=..., n=1) at /rhome/r/rpolic1/workspace/TP/T7/Z10/main.cpp:7
#56 0x0000000000400ab5 in IteriranaFunkcija(std::function<int (int)>, int) (f=..., n=1) at /rhome/r/rpolic1/workspace/TP/T7/Z10/main.cpp:7
#57 0x0000000000400ab5 in IteriranaFunkcija(std::function<int (int)>, int) (f=..., n=1) at /rhome/r/rpolic1/workspace/TP/T7/Z10/main.cpp:7
#58 0x0000000000400ab5 in IteriranaFunkcija(std::function<int (int)>, int) (f=..., n=1) at /rhome/r/rpolic1/workspace/TP/T7/Z10/main.cpp:7
#59 0x0000000000400ab5 in IteriranaFunkcija(std::function<int (int)>, int) (f=..., n=1) at /rhome/r/rpolic1/workspace/TP/T7/Z10/main.cpp:7
#60 0x0000000000400ab5 in IteriranaFunkcija(std::function<int (int)>, int) (f=..., n=1) at /rhome/r/rpolic1/workspace/TP/T7/Z10/main.cpp:7
#61 0x0000000000400ab5 in IteriranaFunkcija(std::function<int (int)>, int) (f=..., n=1) at /rhome/r/rpolic1/workspace/TP/T7/Z10/main.cpp:7
#62 0x0000000000400ab5 in IteriranaFunkcija(std::function<int (int)>, int) (f=..., n=1) at /rhome/r/rpolic1/workspace/TP/T7/Z10/main.cpp:7
#63 0x0000000000400ab5 in IteriranaFunkcija(std::function<int (int)>, int) (f=..., n=1) at /rhome/r/rpolic1/workspace/TP/T7/Z10/main.cpp:7
#64 0x0000000000400ab5 in IteriranaFunkcija(std::function<int (int)>, int) (f=..., n=1) at /rhome/r/rpolic1/workspace/TP/T7/Z10/main.cpp:7
#65 0x0000000000400ab5 in IteriranaFunkcija(std::function<int (int)>, int) (f=..., n=1) at /rhome/r/rpolic1/workspace/TP/T7/Z10/main.cpp:7
#66 0x0000000000400ab5 in IteriranaFunkcija(std::function<int (int)>, int) (f=..., n=1) at /rhome/r/rpolic1/workspace/TP/T7/Z10/main.cpp:7
#67 0x0000000000400ab5 in IteriranaFunkcija(std::function<int (int)>, int) (f=..., n=1) at /rhome/r/rpolic1/workspace/TP/T7/Z10/main.cpp:7
#68 0x0000000000400ab5 in IteriranaFunkcija(std::function<int (int)>, int) (f=..., n=1) at /rhome/r/rpolic1/workspace/TP/T7/Z10/main.cpp:7
#69 0x0000000000400ab5 in IteriranaFunkcija(std::function<int (int)>, int) (f=..., n=1) at /rhome/r/rpolic1/workspace/TP/T7/Z10/main.cpp:7
#70 0x0000000000400ab5 in IteriranaFunkcija(std::function<int (int)>, int) (f=..., n=1) at /rhome/r/rpolic1/workspace/TP/T7/Z10/main.cpp:7
#71 0x0000000000400ab5 in IteriranaFunkcija(std::function<int (int)>, int) (f=..., n=1) at /rhome/r/rpolic1/workspace/TP/T7/Z10/main.cpp:7
#72 0x0000000000400ab5 in IteriranaFunkcija(std::function<int (int)>, int) (f=..., n=1) at /rhome/r/rpolic1/workspace/TP/T7/Z10/main.cpp:7
#73 0x0000000000400ab5 in IteriranaFunkcija(std::function<int (int)>, int) (f=..., n=1) at /rhome/r/rpolic1/workspace/TP/T7/Z10/main.cpp:7
#74 0x0000000000400ab5 in IteriranaFunkcija(std::function<int (int)>, int) (f=..., n=1) at /rhome/r/rpolic1/workspace/TP/T7/Z10/main.cpp:7
#75 0x0000000000400ab5 in IteriranaFunkcija(std::function<int (int)>, int) (f=..., n=1) at /rhome/r/rpolic1/workspace/TP/T7/Z10/main.cpp:7
#76 0x0000000000400ab5 in IteriranaFunkcija(std::function<int (int)>, int) (f=..., n=1) at /rhome/r/rpolic1/workspace/TP/T7/Z10/main.cpp:7
#77 0x0000000000400ab5 in IteriranaFunkcija(std::function<int (int)>, int) (f=..., n=1) at /rhome/r/rpolic1/workspace/TP/T7/Z10/main.cpp:7
#78 0x0000000000400ab5 in IteriranaFunkcija(std::function<int (int)>, int) (f=..., n=1) at /rhome/r/rpolic1/workspace/TP/T7/Z10/main.cpp:7
#79 0x0000000000400ab5 in IteriranaFunkcija(std::function<int (int)>, int) (f=..., n=1) at /rhome/r/rpolic1/workspace/TP/T7/Z10/main.cpp:7
#80 0x0000000000400ab5 in IteriranaFunkcija(std::function<int (int)>, int) (f=..., n=1) at /rhome/r/rpolic1/workspace/TP/T7/Z10/main.cpp:7
#81 0x0000000000400ab5 in IteriranaFunkcija(std::function<int (int)>, int) (f=..., n=1) at /rhome/r/rpolic1/workspace/TP/T7/Z10/main.cpp:7
#82 0x0000000000400ab5 in IteriranaFunkcija(std::function<int (int)>, int) (f=..., n=1) at /rhome/r/rpolic1/workspace/TP/T7/Z10/main.cpp:7
#83 0x0000000000400ab5 in IteriranaFunkcija(std::function<int (int)>, int) (f=..., n=1) at /rhome/r/rpolic1/workspace/TP/T7/Z10/main.cpp:7
#84 0x0000000000400ab5 in IteriranaFunkcija(std::function<int (int)>, int) (f=..., n=1) at /rhome/r/rpolic1/workspace/TP/T7/Z10/main.cpp:7
#85 0x0000000000400ab5 in IteriranaFunkcija(std::function<int (int)>, int) (f=..., n=1) at /rhome/r/rpolic1/workspace/TP/T7/Z10/main.cpp:7
#86 0x0000000000400ab5 in IteriranaFunkcija(std::function<int (int)>, int) (f=..., n=1) at /rhome/r/rpolic1/workspace/TP/T7/Z10/main.cpp:7
#87 0x0000000000400ab5 in IteriranaFunkcija(std::function<int (int)>, int) (f=..., n=1) at /rhome/r/rpolic1/workspace/TP/T7/Z10/main.cpp:7
#88 0x0000000000400ab5 in IteriranaFunkcija(std::function<int (int)>, int) (f=..., n=1) at /rhome/r/rpolic1/workspace/TP/T7/Z10/main.cpp:7
#89 0x0000000000400ab5 in IteriranaFunkcija(std::function<int (int)>, int) (f=..., n=1) at /rhome/r/rpolic1/workspace/TP/T7/Z10/main.cpp:7
#90 0x0000000000400ab5 in IteriranaFunkcija(std::function<int (int)>, int) (f=..., n=1) at /rhome/r/rpolic1/workspace/TP/T7/Z10/main.cpp:7
#91 0x0000000000400ab5 in IteriranaFunkcija(std::function<int (int)>, int) (f=..., n=1) at /rhome/r/rpolic1/workspace/TP/T7/Z10/main.cpp:7
#92 0x0000000000400ab5 in IteriranaFunkcija(std::function<int (int)>, int) (f=..., n=1) at /rhome/r/rpolic1/workspace/TP/T7/Z10/main.cpp:7
#93 0x0000000000400ab5 in IteriranaFunkcija(std::function<int (int)>, int) (f=..., n=1) at /rhome/r/rpolic1/workspace/TP/T7/Z10/main.cpp:7
#94 0x0000000000400ab5 in IteriranaFunkcija(std::function<int (int)>, int) (f=..., n=1) at /rhome/r/rpolic1/workspace/TP/T7/Z10/main.cpp:7
#95 0x0000000000400ab5 in IteriranaFunkcija(std::function<int (int)>, int) (f=..., n=1) at /rhome/r/rpolic1/workspace/TP/T7/Z10/main.cpp:7
#96 0x0000000000400ab5 in IteriranaFunkcija(std::function<int (int)>, int) (f=..., n=1) at /rhome/r/rpolic1/workspace/TP/T7/Z10/main.cpp:7
#97 0x0000000000400ab5 in IteriranaFunkcija(std::function<int (int)>, int) (f=..., n=1) at /rhome/r/rpolic1/workspace/TP/T7/Z10/main.cpp:7
#98 0x0000000000400ab5 in IteriranaFunkcija(std::function<int (int)>, int) (f=..., n=1) at /rhome/r/rpolic1/workspace/TP/T7/Z10/main.cpp:7
#99 0x0000000000400ab5 in IteriranaFunkcija(std::function<int (int)>, int) (f=..., n=1) at /rhome/r/rpolic1/workspace/TP/T7/Z10/main.cpp:7
