==17242== Memcheck, a memory error detector
==17242== Copyright (C) 2002-2013, and GNU GPL'd, by Julian Seward et al.
==17242== Using Valgrind-3.10.1 and LibVEX; rerun with -h for copyright info
==17242== Command: /rhome/r/rpolic1/workspace/TP/Z5/Z1/.runme
==17242== Parent PID: 17218
==17242== 
==17242== 
==17242== HEAP SUMMARY:
==17242==     in use at exit: 831 bytes in 24 blocks
==17242==   total heap usage: 27 allocs, 3 frees, 996 bytes allocated
==17242== 
==17242== 26 bytes in 1 blocks are possibly lost in loss record 1 of 14
==17242==    at 0x4C2B0E0: operator new(unsigned long) (in /usr/lib/valgrind/vgpreload_memcheck-amd64-linux.so)
==17242==    by 0x4EF1248: std::string::_Rep::_S_create(unsigned long, unsigned long, std::allocator<char> const&) (in /usr/lib/x86_64-linux-gnu/libstdc++.so.6.0.19)
==17242==    by 0x4EF2970: char* std::string::_S_construct<char const*>(char const*, char const*, std::allocator<char> const&, std::forward_iterator_tag) (in /usr/lib/x86_64-linux-gnu/libstdc++.so.6.0.19)
==17242==    by 0x4EF2D87: std::basic_string<char, std::char_traits<char>, std::allocator<char> >::basic_string(char const*, std::allocator<char> const&) (in /usr/lib/x86_64-linux-gnu/libstdc++.so.6.0.19)
==17242==    by 0x405FBB: __static_initialization_and_destruction_0(int, int) (main.cpp:29)
==17242==    by 0x4063EC: _GLOBAL__sub_I__ZN7Student6godineE (main.cpp:445)
==17242==    by 0x40BA7C: __libc_csu_init (in /rhome/r/rpolic1/workspace/TP/Z5/Z1/.runme)
==17242==    by 0x5372E54: (below main) (libc-start.c:246)
==17242== 
==17242== 26 bytes in 1 blocks are possibly lost in loss record 2 of 14
==17242==    at 0x4C2B0E0: operator new(unsigned long) (in /usr/lib/valgrind/vgpreload_memcheck-amd64-linux.so)
==17242==    by 0x4EF1248: std::string::_Rep::_S_create(unsigned long, unsigned long, std::allocator<char> const&) (in /usr/lib/x86_64-linux-gnu/libstdc++.so.6.0.19)
==17242==    by 0x4EF2970: char* std::string::_S_construct<char const*>(char const*, char const*, std::allocator<char> const&, std::forward_iterator_tag) (in /usr/lib/x86_64-linux-gnu/libstdc++.so.6.0.19)
==17242==    by 0x4EF2D87: std::basic_string<char, std::char_traits<char>, std::allocator<char> >::basic_string(char const*, std::allocator<char> const&) (in /usr/lib/x86_64-linux-gnu/libstdc++.so.6.0.19)
==17242==    by 0x405FE9: __static_initialization_and_destruction_0(int, int) (main.cpp:29)
==17242==    by 0x4063EC: _GLOBAL__sub_I__ZN7Student6godineE (main.cpp:445)
==17242==    by 0x40BA7C: __libc_csu_init (in /rhome/r/rpolic1/workspace/TP/Z5/Z1/.runme)
==17242==    by 0x5372E54: (below main) (libc-start.c:246)
==17242== 
==17242== 26 bytes in 1 blocks are possibly lost in loss record 3 of 14
==17242==    at 0x4C2B0E0: operator new(unsigned long) (in /usr/lib/valgrind/vgpreload_memcheck-amd64-linux.so)
==17242==    by 0x4EF1248: std::string::_Rep::_S_create(unsigned long, unsigned long, std::allocator<char> const&) (in /usr/lib/x86_64-linux-gnu/libstdc++.so.6.0.19)
==17242==    by 0x4EF2970: char* std::string::_S_construct<char const*>(char const*, char const*, std::allocator<char> const&, std::forward_iterator_tag) (in /usr/lib/x86_64-linux-gnu/libstdc++.so.6.0.19)
==17242==    by 0x4EF2D87: std::basic_string<char, std::char_traits<char>, std::allocator<char> >::basic_string(char const*, std::allocator<char> const&) (in /usr/lib/x86_64-linux-gnu/libstdc++.so.6.0.19)
==17242==    by 0x406017: __static_initialization_and_destruction_0(int, int) (main.cpp:29)
==17242==    by 0x4063EC: _GLOBAL__sub_I__ZN7Student6godineE (main.cpp:445)
==17242==    by 0x40BA7C: __libc_csu_init (in /rhome/r/rpolic1/workspace/TP/Z5/Z1/.runme)
==17242==    by 0x5372E54: (below main) (libc-start.c:246)
==17242== 
==17242== 28 bytes in 1 blocks are possibly lost in loss record 4 of 14
==17242==    at 0x4C2B0E0: operator new(unsigned long) (in /usr/lib/valgrind/vgpreload_memcheck-amd64-linux.so)
==17242==    by 0x4EF1248: std::string::_Rep::_S_create(unsigned long, unsigned long, std::allocator<char> const&) (in /usr/lib/x86_64-linux-gnu/libstdc++.so.6.0.19)
==17242==    by 0x4EF2970: char* std::string::_S_construct<char const*>(char const*, char const*, std::allocator<char> const&, std::forward_iterator_tag) (in /usr/lib/x86_64-linux-gnu/libstdc++.so.6.0.19)
==17242==    by 0x4EF2D87: std::basic_string<char, std::char_traits<char>, std::allocator<char> >::basic_string(char const*, std::allocator<char> const&) (in /usr/lib/x86_64-linux-gnu/libstdc++.so.6.0.19)
==17242==    by 0x406045: __static_initialization_and_destruction_0(int, int) (main.cpp:29)
==17242==    by 0x4063EC: _GLOBAL__sub_I__ZN7Student6godineE (main.cpp:445)
==17242==    by 0x40BA7C: __libc_csu_init (in /rhome/r/rpolic1/workspace/TP/Z5/Z1/.runme)
==17242==    by 0x5372E54: (below main) (libc-start.c:246)
==17242== 
==17242== 28 bytes in 1 blocks are possibly lost in loss record 5 of 14
==17242==    at 0x4C2B0E0: operator new(unsigned long) (in /usr/lib/valgrind/vgpreload_memcheck-amd64-linux.so)
==17242==    by 0x4EF1248: std::string::_Rep::_S_create(unsigned long, unsigned long, std::allocator<char> const&) (in /usr/lib/x86_64-linux-gnu/libstdc++.so.6.0.19)
==17242==    by 0x4EF2970: char* std::string::_S_construct<char const*>(char const*, char const*, std::allocator<char> const&, std::forward_iterator_tag) (in /usr/lib/x86_64-linux-gnu/libstdc++.so.6.0.19)
==17242==    by 0x4EF2D87: std::basic_string<char, std::char_traits<char>, std::allocator<char> >::basic_string(char const*, std::allocator<char> const&) (in /usr/lib/x86_64-linux-gnu/libstdc++.so.6.0.19)
==17242==    by 0x406073: __static_initialization_and_destruction_0(int, int) (main.cpp:29)
==17242==    by 0x4063EC: _GLOBAL__sub_I__ZN7Student6godineE (main.cpp:445)
==17242==    by 0x40BA7C: __libc_csu_init (in /rhome/r/rpolic1/workspace/TP/Z5/Z1/.runme)
==17242==    by 0x5372E54: (below main) (libc-start.c:246)
==17242== 
==17242== 28 bytes in 1 blocks are possibly lost in loss record 6 of 14
==17242==    at 0x4C2B0E0: operator new(unsigned long) (in /usr/lib/valgrind/vgpreload_memcheck-amd64-linux.so)
==17242==    by 0x4EF1248: std::string::_Rep::_S_create(unsigned long, unsigned long, std::allocator<char> const&) (in /usr/lib/x86_64-linux-gnu/libstdc++.so.6.0.19)
==17242==    by 0x4EF2970: char* std::string::_S_construct<char const*>(char const*, char const*, std::allocator<char> const&, std::forward_iterator_tag) (in /usr/lib/x86_64-linux-gnu/libstdc++.so.6.0.19)
==17242==    by 0x4EF2D87: std::basic_string<char, std::char_traits<char>, std::allocator<char> >::basic_string(char const*, std::allocator<char> const&) (in /usr/lib/x86_64-linux-gnu/libstdc++.so.6.0.19)
==17242==    by 0x4060A1: __static_initialization_and_destruction_0(int, int) (main.cpp:29)
==17242==    by 0x4063EC: _GLOBAL__sub_I__ZN7Student6godineE (main.cpp:445)
==17242==    by 0x40BA7C: __libc_csu_init (in /rhome/r/rpolic1/workspace/TP/Z5/Z1/.runme)
==17242==    by 0x5372E54: (below main) (libc-start.c:246)
==17242== 
==17242== 28 bytes in 1 blocks are possibly lost in loss record 7 of 14
==17242==    at 0x4C2B0E0: operator new(unsigned long) (in /usr/lib/valgrind/vgpreload_memcheck-amd64-linux.so)
==17242==    by 0x4EF1248: std::string::_Rep::_S_create(unsigned long, unsigned long, std::allocator<char> const&) (in /usr/lib/x86_64-linux-gnu/libstdc++.so.6.0.19)
==17242==    by 0x4EF2970: char* std::string::_S_construct<char const*>(char const*, char const*, std::allocator<char> const&, std::forward_iterator_tag) (in /usr/lib/x86_64-linux-gnu/libstdc++.so.6.0.19)
==17242==    by 0x4EF2D87: std::basic_string<char, std::char_traits<char>, std::allocator<char> >::basic_string(char const*, std::allocator<char> const&) (in /usr/lib/x86_64-linux-gnu/libstdc++.so.6.0.19)
==17242==    by 0x4060CF: __static_initialization_and_destruction_0(int, int) (main.cpp:29)
==17242==    by 0x4063EC: _GLOBAL__sub_I__ZN7Student6godineE (main.cpp:445)
==17242==    by 0x40BA7C: __libc_csu_init (in /rhome/r/rpolic1/workspace/TP/Z5/Z1/.runme)
==17242==    by 0x5372E54: (below main) (libc-start.c:246)
==17242== 
==17242== 28 bytes in 1 blocks are possibly lost in loss record 8 of 14
==17242==    at 0x4C2B0E0: operator new(unsigned long) (in /usr/lib/valgrind/vgpreload_memcheck-amd64-linux.so)
==17242==    by 0x4EF1248: std::string::_Rep::_S_create(unsigned long, unsigned long, std::allocator<char> const&) (in /usr/lib/x86_64-linux-gnu/libstdc++.so.6.0.19)
==17242==    by 0x4EF2970: char* std::string::_S_construct<char const*>(char const*, char const*, std::allocator<char> const&, std::forward_iterator_tag) (in /usr/lib/x86_64-linux-gnu/libstdc++.so.6.0.19)
==17242==    by 0x4EF2D87: std::basic_string<char, std::char_traits<char>, std::allocator<char> >::basic_string(char const*, std::allocator<char> const&) (in /usr/lib/x86_64-linux-gnu/libstdc++.so.6.0.19)
==17242==    by 0x4060FD: __static_initialization_and_destruction_0(int, int) (main.cpp:29)
==17242==    by 0x4063EC: _GLOBAL__sub_I__ZN7Student6godineE (main.cpp:445)
==17242==    by 0x40BA7C: __libc_csu_init (in /rhome/r/rpolic1/workspace/TP/Z5/Z1/.runme)
==17242==    by 0x5372E54: (below main) (libc-start.c:246)
==17242== 
==17242== 28 bytes in 1 blocks are possibly lost in loss record 9 of 14
==17242==    at 0x4C2B0E0: operator new(unsigned long) (in /usr/lib/valgrind/vgpreload_memcheck-amd64-linux.so)
==17242==    by 0x4EF1248: std::string::_Rep::_S_create(unsigned long, unsigned long, std::allocator<char> const&) (in /usr/lib/x86_64-linux-gnu/libstdc++.so.6.0.19)
==17242==    by 0x4EF2970: char* std::string::_S_construct<char const*>(char const*, char const*, std::allocator<char> const&, std::forward_iterator_tag) (in /usr/lib/x86_64-linux-gnu/libstdc++.so.6.0.19)
==17242==    by 0x4EF2D87: std::basic_string<char, std::char_traits<char>, std::allocator<char> >::basic_string(char const*, std::allocator<char> const&) (in /usr/lib/x86_64-linux-gnu/libstdc++.so.6.0.19)
==17242==    by 0x40612B: __static_initialization_and_destruction_0(int, int) (main.cpp:29)
==17242==    by 0x4063EC: _GLOBAL__sub_I__ZN7Student6godineE (main.cpp:445)
==17242==    by 0x40BA7C: __libc_csu_init (in /rhome/r/rpolic1/workspace/TP/Z5/Z1/.runme)
==17242==    by 0x5372E54: (below main) (libc-start.c:246)
==17242== 
==17242== 28 bytes in 1 blocks are possibly lost in loss record 10 of 14
==17242==    at 0x4C2B0E0: operator new(unsigned long) (in /usr/lib/valgrind/vgpreload_memcheck-amd64-linux.so)
==17242==    by 0x4EF1248: std::string::_Rep::_S_create(unsigned long, unsigned long, std::allocator<char> const&) (in /usr/lib/x86_64-linux-gnu/libstdc++.so.6.0.19)
==17242==    by 0x4EF2970: char* std::string::_S_construct<char const*>(char const*, char const*, std::allocator<char> const&, std::forward_iterator_tag) (in /usr/lib/x86_64-linux-gnu/libstdc++.so.6.0.19)
==17242==    by 0x4EF2D87: std::basic_string<char, std::char_traits<char>, std::allocator<char> >::basic_string(char const*, std::allocator<char> const&) (in /usr/lib/x86_64-linux-gnu/libstdc++.so.6.0.19)
==17242==    by 0x406159: __static_initialization_and_destruction_0(int, int) (main.cpp:29)
==17242==    by 0x4063EC: _GLOBAL__sub_I__ZN7Student6godineE (main.cpp:445)
==17242==    by 0x40BA7C: __libc_csu_init (in /rhome/r/rpolic1/workspace/TP/Z5/Z1/.runme)
==17242==    by 0x5372E54: (below main) (libc-start.c:246)
==17242== 
==17242== 28 bytes in 1 blocks are possibly lost in loss record 11 of 14
==17242==    at 0x4C2B0E0: operator new(unsigned long) (in /usr/lib/valgrind/vgpreload_memcheck-amd64-linux.so)
==17242==    by 0x4EF1248: std::string::_Rep::_S_create(unsigned long, unsigned long, std::allocator<char> const&) (in /usr/lib/x86_64-linux-gnu/libstdc++.so.6.0.19)
==17242==    by 0x4EF2970: char* std::string::_S_construct<char const*>(char const*, char const*, std::allocator<char> const&, std::forward_iterator_tag) (in /usr/lib/x86_64-linux-gnu/libstdc++.so.6.0.19)
==17242==    by 0x4EF2D87: std::basic_string<char, std::char_traits<char>, std::allocator<char> >::basic_string(char const*, std::allocator<char> const&) (in /usr/lib/x86_64-linux-gnu/libstdc++.so.6.0.19)
==17242==    by 0x406187: __static_initialization_and_destruction_0(int, int) (main.cpp:29)
==17242==    by 0x4063EC: _GLOBAL__sub_I__ZN7Student6godineE (main.cpp:445)
==17242==    by 0x40BA7C: __libc_csu_init (in /rhome/r/rpolic1/workspace/TP/Z5/Z1/.runme)
==17242==    by 0x5372E54: (below main) (libc-start.c:246)
==17242== 
==17242== 41 bytes in 1 blocks are possibly lost in loss record 12 of 14
==17242==    at 0x4C2B0E0: operator new(unsigned long) (in /usr/lib/valgrind/vgpreload_memcheck-amd64-linux.so)
==17242==    by 0x4EF1248: std::string::_Rep::_S_create(unsigned long, unsigned long, std::allocator<char> const&) (in /usr/lib/x86_64-linux-gnu/libstdc++.so.6.0.19)
==17242==    by 0x4EF2970: char* std::string::_S_construct<char const*>(char const*, char const*, std::allocator<char> const&, std::forward_iterator_tag) (in /usr/lib/x86_64-linux-gnu/libstdc++.so.6.0.19)
==17242==    by 0x4EF2D87: std::basic_string<char, std::char_traits<char>, std::allocator<char> >::basic_string(char const*, std::allocator<char> const&) (in /usr/lib/x86_64-linux-gnu/libstdc++.so.6.0.19)
==17242==    by 0x40536D: PrikaziMeni(Administracija&) (main.cpp:419)
==17242==    by 0x405667: main (main.cpp:442)
==17242== 
==17242== 48 bytes in 1 blocks are possibly lost in loss record 13 of 14
==17242==    at 0x4C2B0E0: operator new(unsigned long) (in /usr/lib/valgrind/vgpreload_memcheck-amd64-linux.so)
==17242==    by 0x4EF1248: std::string::_Rep::_S_create(unsigned long, unsigned long, std::allocator<char> const&) (in /usr/lib/x86_64-linux-gnu/libstdc++.so.6.0.19)
==17242==    by 0x4EF2970: char* std::string::_S_construct<char const*>(char const*, char const*, std::allocator<char> const&, std::forward_iterator_tag) (in /usr/lib/x86_64-linux-gnu/libstdc++.so.6.0.19)
==17242==    by 0x4EF2D87: std::basic_string<char, std::char_traits<char>, std::allocator<char> >::basic_string(char const*, std::allocator<char> const&) (in /usr/lib/x86_64-linux-gnu/libstdc++.so.6.0.19)
==17242==    by 0x40534C: PrikaziMeni(Administracija&) (main.cpp:419)
==17242==    by 0x405667: main (main.cpp:442)
==17242== 
==17242== LEAK SUMMARY:
==17242==    definitely lost: 0 bytes in 0 blocks
==17242==    indirectly lost: 0 bytes in 0 blocks
==17242==      possibly lost: 391 bytes in 13 blocks
==17242==    still reachable: 440 bytes in 11 blocks
==17242==         suppressed: 0 bytes in 0 blocks
==17242== Reachable blocks (those to which a pointer was found) are not shown.
==17242== To see them, rerun with: --leak-check=full --show-leak-kinds=all
==17242== 
==17242== For counts of detected and suppressed errors, rerun with: -v
==17242== ERROR SUMMARY: 13 errors from 13 contexts (suppressed: 0 from 0)
