==12685== Memcheck, a memory error detector
==12685== Copyright (C) 2002-2013, and GNU GPL'd, by Julian Seward et al.
==12685== Using Valgrind-3.10.1 and LibVEX; rerun with -h for copyright info
==12685== Command: /rhome/r/rpolic1/workspace/TP/T13/Z1/.runme
==12685== Parent PID: 12671
==12685== 
==12685== 
==12685== HEAP SUMMARY:
==12685==     in use at exit: 416 bytes in 13 blocks
==12685==   total heap usage: 71 allocs, 58 frees, 4,007 bytes allocated
==12685== 
==12685== LEAK SUMMARY:
==12685==    definitely lost: 0 bytes in 0 blocks
==12685==    indirectly lost: 0 bytes in 0 blocks
==12685==      possibly lost: 0 bytes in 0 blocks
==12685==    still reachable: 416 bytes in 13 blocks
==12685==         suppressed: 0 bytes in 0 blocks
==12685== Reachable blocks (those to which a pointer was found) are not shown.
==12685== To see them, rerun with: --leak-check=full --show-leak-kinds=all
==12685== 
==12685== For counts of detected and suppressed errors, rerun with: -v
==12685== ERROR SUMMARY: 0 errors from 0 contexts (suppressed: 0 from 0)
