==10500== Memcheck, a memory error detector
==10500== Copyright (C) 2002-2013, and GNU GPL'd, by Julian Seward et al.
==10500== Using Valgrind-3.10.1 and LibVEX; rerun with -h for copyright info
==10500== Command: /rhome/r/rpolic1/workspace/OR/T5/Z2/.runme
==10500== Parent PID: 10490
==10500== 
==31834== 
==31834== HEAP SUMMARY:
==31834==     in use at exit: 0 bytes in 0 blocks
==31834==   total heap usage: 0 allocs, 0 frees, 0 bytes allocated
==31834== 
==31834== All heap blocks were freed -- no leaks are possible
==31834== 
==31834== For counts of detected and suppressed errors, rerun with: -v
==31834== ERROR SUMMARY: 0 errors from 0 contexts (suppressed: 0 from 0)
==10500== HEAP SUMMARY:
==10500==     in use at exit: 0 bytes in 0 blocks
==10500==   total heap usage: 0 allocs, 0 frees, 0 bytes allocated
==10500== 
==10500== All heap blocks were freed -- no leaks are possible
==10500== 
==10500== For counts of detected and suppressed errors, rerun with: -v
==10500== Use --track-origins=yes to see where uninitialised values come from
==10500== ERROR SUMMARY: 3 errors from 3 contexts (suppressed: 0 from 0)
