==24810== Memcheck, a memory error detector
==24810== Copyright (C) 2002-2013, and GNU GPL'd, by Julian Seward et al.
==24810== Using Valgrind-3.10.1 and LibVEX; rerun with -h for copyright info
==24810== Command: /rhome/r/rpolic1/workspace/TP/Z2/Z3/.runme
==24810== Parent PID: 24794
==24810== 
==24810== 
==24810== HEAP SUMMARY:
==24810==     in use at exit: 106 bytes in 2 blocks
==24810==   total heap usage: 2 allocs, 0 frees, 106 bytes allocated
==24810== 
==24810== 49 bytes in 1 blocks are possibly lost in loss record 1 of 2
==24810==    at 0x4C2B0E0: operator new(unsigned long) (in /usr/lib/valgrind/vgpreload_memcheck-amd64-linux.so)
==24810==    by 0x4EF1248: std::string::_Rep::_S_create(unsigned long, unsigned long, std::allocator<char> const&) (in /usr/lib/x86_64-linux-gnu/libstdc++.so.6.0.19)
==24810==    by 0x4EF2970: char* std::string::_S_construct<char const*>(char const*, char const*, std::allocator<char> const&, std::forward_iterator_tag) (in /usr/lib/x86_64-linux-gnu/libstdc++.so.6.0.19)
==24810==    by 0x4EF2D87: std::basic_string<char, std::char_traits<char>, std::allocator<char> >::basic_string(char const*, std::allocator<char> const&) (in /usr/lib/x86_64-linux-gnu/libstdc++.so.6.0.19)
==24810==    by 0x401401: main (main.cpp:149)
==24810== 
==24810== 57 bytes in 1 blocks are possibly lost in loss record 2 of 2
==24810==    at 0x4C2B0E0: operator new(unsigned long) (in /usr/lib/valgrind/vgpreload_memcheck-amd64-linux.so)
==24810==    by 0x4EF1248: std::string::_Rep::_S_create(unsigned long, unsigned long, std::allocator<char> const&) (in /usr/lib/x86_64-linux-gnu/libstdc++.so.6.0.19)
==24810==    by 0x4EF2970: char* std::string::_S_construct<char const*>(char const*, char const*, std::allocator<char> const&, std::forward_iterator_tag) (in /usr/lib/x86_64-linux-gnu/libstdc++.so.6.0.19)
==24810==    by 0x4EF2D87: std::basic_string<char, std::char_traits<char>, std::allocator<char> >::basic_string(char const*, std::allocator<char> const&) (in /usr/lib/x86_64-linux-gnu/libstdc++.so.6.0.19)
==24810==    by 0x401422: main (main.cpp:149)
==24810== 
==24810== LEAK SUMMARY:
==24810==    definitely lost: 0 bytes in 0 blocks
==24810==    indirectly lost: 0 bytes in 0 blocks
==24810==      possibly lost: 106 bytes in 2 blocks
==24810==    still reachable: 0 bytes in 0 blocks
==24810==         suppressed: 0 bytes in 0 blocks
==24810== 
==24810== For counts of detected and suppressed errors, rerun with: -v
==24810== ERROR SUMMARY: 2 errors from 2 contexts (suppressed: 0 from 0)
