==26775== Memcheck, a memory error detector
==26775== Copyright (C) 2002-2013, and GNU GPL'd, by Julian Seward et al.
==26775== Using Valgrind-3.10.1 and LibVEX; rerun with -h for copyright info
==26775== Command: /rhome/r/rpolic1/workspace/TP/T7/Z3/.runme
==26775== Parent PID: 26767
==26775== 
==26775== 
==26775== HEAP SUMMARY:
==26775==     in use at exit: 16,009,232 bytes in 1,155 blocks
==26775==   total heap usage: 1,155 allocs, 0 frees, 16,009,232 bytes allocated
==26775== 
==26775== LEAK SUMMARY:
==26775==    definitely lost: 0 bytes in 0 blocks
==26775==    indirectly lost: 0 bytes in 0 blocks
==26775==      possibly lost: 0 bytes in 0 blocks
==26775==    still reachable: 16,009,232 bytes in 1,155 blocks
==26775==         suppressed: 0 bytes in 0 blocks
==26775== Reachable blocks (those to which a pointer was found) are not shown.
==26775== To see them, rerun with: --leak-check=full --show-leak-kinds=all
==26775== 
==26775== For counts of detected and suppressed errors, rerun with: -v
==26775== ERROR SUMMARY: 0 errors from 0 contexts (suppressed: 0 from 0)
