==7453== Memcheck, a memory error detector
==7453== Copyright (C) 2002-2013, and GNU GPL'd, by Julian Seward et al.
==7453== Using Valgrind-3.10.1 and LibVEX; rerun with -h for copyright info
==7453== Command: /rhome/r/rpolic1/workspace/TP/Z14/Z2/.runme
==7453== Parent PID: 7411
==7453== 
==7453== 
==7453== HEAP SUMMARY:
==7453==     in use at exit: 9,132 bytes in 8 blocks
==7453==   total heap usage: 14 allocs, 6 frees, 18,095 bytes allocated
==7453== 
==7453== 33 bytes in 1 blocks are possibly lost in loss record 2 of 8
==7453==    at 0x4C2B0E0: operator new(unsigned long) (in /usr/lib/valgrind/vgpreload_memcheck-amd64-linux.so)
==7453==    by 0x4EF1248: std::string::_Rep::_S_create(unsigned long, unsigned long, std::allocator<char> const&) (in /usr/lib/x86_64-linux-gnu/libstdc++.so.6.0.19)
==7453==    by 0x4EF1E0A: std::string::_Rep::_M_clone(std::allocator<char> const&, unsigned long) (in /usr/lib/x86_64-linux-gnu/libstdc++.so.6.0.19)
==7453==    by 0x4EF1EA3: std::string::reserve(unsigned long) (in /usr/lib/x86_64-linux-gnu/libstdc++.so.6.0.19)
==7453==    by 0x4EF20EE: std::string::append(char const*, unsigned long) (in /usr/lib/x86_64-linux-gnu/libstdc++.so.6.0.19)
==7453==    by 0x4EACEB3: std::basic_istream<char, std::char_traits<char> >& std::getline<char, std::char_traits<char>, std::allocator<char> >(std::basic_istream<char, std::char_traits<char> >&, std::basic_string<char, std::char_traits<char>, std::allocator<char> >&, char) (in /usr/lib/x86_64-linux-gnu/libstdc++.so.6.0.19)
==7453==    by 0x402582: Skladiste::UcitajIzDatoteke(char const*) (main.cpp:169)
==7453==    by 0x402E02: main (main.cpp:222)
==7453== 
==7453== 59 bytes in 1 blocks are possibly lost in loss record 4 of 8
==7453==    at 0x4C2B0E0: operator new(unsigned long) (in /usr/lib/valgrind/vgpreload_memcheck-amd64-linux.so)
==7453==    by 0x4EF1248: std::string::_Rep::_S_create(unsigned long, unsigned long, std::allocator<char> const&) (in /usr/lib/x86_64-linux-gnu/libstdc++.so.6.0.19)
==7453==    by 0x4EF2970: char* std::string::_S_construct<char const*>(char const*, char const*, std::allocator<char> const&, std::forward_iterator_tag) (in /usr/lib/x86_64-linux-gnu/libstdc++.so.6.0.19)
==7453==    by 0x4EF2D87: std::basic_string<char, std::char_traits<char>, std::allocator<char> >::basic_string(char const*, std::allocator<char> const&) (in /usr/lib/x86_64-linux-gnu/libstdc++.so.6.0.19)
==7453==    by 0x40292E: Skladiste::UcitajIzDatoteke(char const*) (main.cpp:194)
==7453==    by 0x402E02: main (main.cpp:222)
==7453== 
==7453== 144 bytes in 1 blocks are possibly lost in loss record 6 of 8
==7453==    at 0x4C2AB80: malloc (in /usr/lib/valgrind/vgpreload_memcheck-amd64-linux.so)
==7453==    by 0x4E94382: __cxa_allocate_exception (in /usr/lib/x86_64-linux-gnu/libstdc++.so.6.0.19)
==7453==    by 0x402901: Skladiste::UcitajIzDatoteke(char const*) (main.cpp:194)
==7453==    by 0x402E02: main (main.cpp:222)
==7453== 
==7453== LEAK SUMMARY:
==7453==    definitely lost: 0 bytes in 0 blocks
==7453==    indirectly lost: 0 bytes in 0 blocks
==7453==      possibly lost: 236 bytes in 3 blocks
==7453==    still reachable: 8,896 bytes in 5 blocks
==7453==         suppressed: 0 bytes in 0 blocks
==7453== Reachable blocks (those to which a pointer was found) are not shown.
==7453== To see them, rerun with: --leak-check=full --show-leak-kinds=all
==7453== 
==7453== For counts of detected and suppressed errors, rerun with: -v
==7453== ERROR SUMMARY: 3 errors from 3 contexts (suppressed: 0 from 0)
