==2555== Memcheck, a memory error detector
==2555== Copyright (C) 2002-2013, and GNU GPL'd, by Julian Seward et al.
==2555== Using Valgrind-3.10.1 and LibVEX; rerun with -h for copyright info
==2555== Command: /rhome/r/rpolic1/workspace/TP/Z3/Z4/.runme
==2555== Parent PID: 2526
==2555== 
==2555== Invalid read of size 8
==2555==    at 0x4054A7: std::_List_iterator<std::pair<Boje, std::string> >::operator++() (stl_list.h:155)
==2555==    by 0x403998: IzbaciKarte(std::list<std::pair<Boje, std::string>, std::allocator<std::pair<Boje, std::string> > >&, std::multimap<Boje, std::string, std::less<Boje>, std::allocator<std::pair<Boje const, std::string> > >&)::{lambda(std::pair<Boje, std::string>&)#1} std::for_each<std::_List_iterator<std::pair<Boje, std::string> >, IzbaciKarte(std::list<std::pair<Boje, std::string>, std::allocator<std::pair<Boje, std::string> > >&, std::multimap<Boje, std::string, std::less<Boje>, std::allocator<std::pair<Boje const, std::string> > >&)::{lambda(std::pair<Boje, std::string>&)#1}>(std::_List_iterator<std::pair<Boje, std::string> >, IzbaciKarte(std::list<std::pair<Boje, std::string>, std::allocator<std::pair<Boje, std::string> > >&, std::multimap<Boje, std::string, std::less<Boje>, std::allocator<std::pair<Boje const, std::string> > >&)::{lambda(std::pair<Boje, std::string>&)#1}, IzbaciKarte(std::list<std::pair<Boje, std::string>, std::allocator<std::pair<Boje, std::string> > >&, std::multimap<Boje, std::string, std::less<Boje>, std::allocator<std::pair<Boje const, std::string> > >&)::{lambda(std::pair<Boje, std::string>&)#1}) (stl_algo.h:4416)
==2555==    by 0x402293: IzbaciKarte(std::list<std::pair<Boje, std::string>, std::allocator<std::pair<Boje, std::string> > >&, std::multimap<Boje, std::string, std::less<Boje>, std::allocator<std::pair<Boje const, std::string> > >&) (main.cpp:96)
==2555==    by 0x402FFA: main (main.cpp:191)
==2555==  Address 0x5a1cc30 is 0 bytes inside a block of size 32 free'd
==2555==    at 0x4C2C2BC: operator delete(void*) (in /usr/lib/valgrind/vgpreload_memcheck-amd64-linux.so)
==2555==    by 0x408699: __gnu_cxx::new_allocator<std::_List_node<std::pair<Boje, std::string> > >::deallocate(std::_List_node<std::pair<Boje, std::string> >*, unsigned long) (new_allocator.h:110)
==2555==    by 0x407475: std::_List_base<std::pair<Boje, std::string>, std::allocator<std::pair<Boje, std::string> > >::_M_put_node(std::_List_node<std::pair<Boje, std::string> >*) (stl_list.h:338)
==2555==    by 0x4066B7: std::list<std::pair<Boje, std::string>, std::allocator<std::pair<Boje, std::string> > >::_M_erase(std::_List_iterator<std::pair<Boje, std::string> >) (stl_list.h:1577)
==2555==    by 0x4052E1: std::list<std::pair<Boje, std::string>, std::allocator<std::pair<Boje, std::string> > >::remove(std::pair<Boje, std::string> const&) (list.tcc:261)
==2555==    by 0x402204: IzbaciKarte(std::list<std::pair<Boje, std::string>, std::allocator<std::pair<Boje, std::string> > >&, std::multimap<Boje, std::string, std::less<Boje>, std::allocator<std::pair<Boje const, std::string> > >&)::{lambda(std::pair<Boje, std::string>&)#1}::operator()(std::pair<Boje, std::string>&) const (main.cpp:95)
==2555==    by 0x40398C: IzbaciKarte(std::list<std::pair<Boje, std::string>, std::allocator<std::pair<Boje, std::string> > >&, std::multimap<Boje, std::string, std::less<Boje>, std::allocator<std::pair<Boje const, std::string> > >&)::{lambda(std::pair<Boje, std::string>&)#1} std::for_each<std::_List_iterator<std::pair<Boje, std::string> >, IzbaciKarte(std::list<std::pair<Boje, std::string>, std::allocator<std::pair<Boje, std::string> > >&, std::multimap<Boje, std::string, std::less<Boje>, std::allocator<std::pair<Boje const, std::string> > >&)::{lambda(std::pair<Boje, std::string>&)#1}>(std::_List_iterator<std::pair<Boje, std::string> >, IzbaciKarte(std::list<std::pair<Boje, std::string>, std::allocator<std::pair<Boje, std::string> > >&, std::multimap<Boje, std::string, std::less<Boje>, std::allocator<std::pair<Boje const, std::string> > >&)::{lambda(std::pair<Boje, std::string>&)#1}, IzbaciKarte(std::list<std::pair<Boje, std::string>, std::allocator<std::pair<Boje, std::string> > >&, std::multimap<Boje, std::string, std::less<Boje>, std::allocator<std::pair<Boje const, std::string> > >&)::{lambda(std::pair<Boje, std::string>&)#1}) (stl_algo.h:4417)
==2555==    by 0x402293: IzbaciKarte(std::list<std::pair<Boje, std::string>, std::allocator<std::pair<Boje, std::string> > >&, std::multimap<Boje, std::string, std::less<Boje>, std::allocator<std::pair<Boje const, std::string> > >&) (main.cpp:96)
==2555==    by 0x402FFA: main (main.cpp:191)
==2555== 
==2555== Conditional jump or move depends on uninitialised value(s)
==2555==    at 0x402D55: IspSpi(std::list<std::pair<Boje, std::string>, std::allocator<std::pair<Boje, std::string> > >&) (main.cpp:176)
==2555==    by 0x403032: main (main.cpp:193)
==2555== 
==2555== Invalid read of size 8
==2555==    at 0x4054A7: std::_List_iterator<std::pair<Boje, std::string> >::operator++() (stl_list.h:155)
==2555==    by 0x403998: IzbaciKarte(std::list<std::pair<Boje, std::string>, std::allocator<std::pair<Boje, std::string> > >&, std::multimap<Boje, std::string, std::less<Boje>, std::allocator<std::pair<Boje const, std::string> > >&)::{lambda(std::pair<Boje, std::string>&)#1} std::for_each<std::_List_iterator<std::pair<Boje, std::string> >, IzbaciKarte(std::list<std::pair<Boje, std::string>, std::allocator<std::pair<Boje, std::string> > >&, std::multimap<Boje, std::string, std::less<Boje>, std::allocator<std::pair<Boje const, std::string> > >&)::{lambda(std::pair<Boje, std::string>&)#1}>(std::_List_iterator<std::pair<Boje, std::string> >, IzbaciKarte(std::list<std::pair<Boje, std::string>, std::allocator<std::pair<Boje, std::string> > >&, std::multimap<Boje, std::string, std::less<Boje>, std::allocator<std::pair<Boje const, std::string> > >&)::{lambda(std::pair<Boje, std::string>&)#1}, IzbaciKarte(std::list<std::pair<Boje, std::string>, std::allocator<std::pair<Boje, std::string> > >&, std::multimap<Boje, std::string, std::less<Boje>, std::allocator<std::pair<Boje const, std::string> > >&)::{lambda(std::pair<Boje, std::string>&)#1}) (stl_algo.h:4416)
==2555==    by 0x402293: IzbaciKarte(std::list<std::pair<Boje, std::string>, std::allocator<std::pair<Boje, std::string> > >&, std::multimap<Boje, std::string, std::less<Boje>, std::allocator<std::pair<Boje const, std::string> > >&) (main.cpp:96)
==2555==    by 0x40318C: main (main.cpp:196)
==2555==  Address 0x5a1d5f0 is 0 bytes inside a block of size 32 free'd
==2555==    at 0x4C2C2BC: operator delete(void*) (in /usr/lib/valgrind/vgpreload_memcheck-amd64-linux.so)
==2555==    by 0x408699: __gnu_cxx::new_allocator<std::_List_node<std::pair<Boje, std::string> > >::deallocate(std::_List_node<std::pair<Boje, std::string> >*, unsigned long) (new_allocator.h:110)
==2555==    by 0x407475: std::_List_base<std::pair<Boje, std::string>, std::allocator<std::pair<Boje, std::string> > >::_M_put_node(std::_List_node<std::pair<Boje, std::string> >*) (stl_list.h:338)
==2555==    by 0x4066B7: std::list<std::pair<Boje, std::string>, std::allocator<std::pair<Boje, std::string> > >::_M_erase(std::_List_iterator<std::pair<Boje, std::string> >) (stl_list.h:1577)
==2555==    by 0x4052E1: std::list<std::pair<Boje, std::string>, std::allocator<std::pair<Boje, std::string> > >::remove(std::pair<Boje, std::string> const&) (list.tcc:261)
==2555==    by 0x402204: IzbaciKarte(std::list<std::pair<Boje, std::string>, std::allocator<std::pair<Boje, std::string> > >&, std::multimap<Boje, std::string, std::less<Boje>, std::allocator<std::pair<Boje const, std::string> > >&)::{lambda(std::pair<Boje, std::string>&)#1}::operator()(std::pair<Boje, std::string>&) const (main.cpp:95)
==2555==    by 0x40398C: IzbaciKarte(std::list<std::pair<Boje, std::string>, std::allocator<std::pair<Boje, std::string> > >&, std::multimap<Boje, std::string, std::less<Boje>, std::allocator<std::pair<Boje const, std::string> > >&)::{lambda(std::pair<Boje, std::string>&)#1} std::for_each<std::_List_iterator<std::pair<Boje, std::string> >, IzbaciKarte(std::list<std::pair<Boje, std::string>, std::allocator<std::pair<Boje, std::string> > >&, std::multimap<Boje, std::string, std::less<Boje>, std::allocator<std::pair<Boje const, std::string> > >&)::{lambda(std::pair<Boje, std::string>&)#1}>(std::_List_iterator<std::pair<Boje, std::string> >, IzbaciKarte(std::list<std::pair<Boje, std::string>, std::allocator<std::pair<Boje, std::string> > >&, std::multimap<Boje, std::string, std::less<Boje>, std::allocator<std::pair<Boje const, std::string> > >&)::{lambda(std::pair<Boje, std::string>&)#1}, IzbaciKarte(std::list<std::pair<Boje, std::string>, std::allocator<std::pair<Boje, std::string> > >&, std::multimap<Boje, std::string, std::less<Boje>, std::allocator<std::pair<Boje const, std::string> > >&)::{lambda(std::pair<Boje, std::string>&)#1}) (stl_algo.h:4417)
==2555==    by 0x402293: IzbaciKarte(std::list<std::pair<Boje, std::string>, std::allocator<std::pair<Boje, std::string> > >&, std::multimap<Boje, std::string, std::less<Boje>, std::allocator<std::pair<Boje const, std::string> > >&) (main.cpp:96)
==2555==    by 0x40318C: main (main.cpp:196)
==2555== 
==2555== Conditional jump or move depends on uninitialised value(s)
==2555==    at 0x402D55: IspSpi(std::list<std::pair<Boje, std::string>, std::allocator<std::pair<Boje, std::string> > >&) (main.cpp:176)
==2555==    by 0x4031C4: main (main.cpp:198)
==2555== 
==2555== Conditional jump or move depends on uninitialised value(s)
==2555==    at 0x402D55: IspSpi(std::list<std::pair<Boje, std::string>, std::allocator<std::pair<Boje, std::string> > >&) (main.cpp:176)
==2555==    by 0x40333D: main (main.cpp:203)
==2555== 
==2555== Invalid read of size 8
==2555==    at 0x4054A7: std::_List_iterator<std::pair<Boje, std::string> >::operator++() (stl_list.h:155)
==2555==    by 0x403998: IzbaciKarte(std::list<std::pair<Boje, std::string>, std::allocator<std::pair<Boje, std::string> > >&, std::multimap<Boje, std::string, std::less<Boje>, std::allocator<std::pair<Boje const, std::string> > >&)::{lambda(std::pair<Boje, std::string>&)#1} std::for_each<std::_List_iterator<std::pair<Boje, std::string> >, IzbaciKarte(std::list<std::pair<Boje, std::string>, std::allocator<std::pair<Boje, std::string> > >&, std::multimap<Boje, std::string, std::less<Boje>, std::allocator<std::pair<Boje const, std::string> > >&)::{lambda(std::pair<Boje, std::string>&)#1}>(std::_List_iterator<std::pair<Boje, std::string> >, IzbaciKarte(std::list<std::pair<Boje, std::string>, std::allocator<std::pair<Boje, std::string> > >&, std::multimap<Boje, std::string, std::less<Boje>, std::allocator<std::pair<Boje const, std::string> > >&)::{lambda(std::pair<Boje, std::string>&)#1}, IzbaciKarte(std::list<std::pair<Boje, std::string>, std::allocator<std::pair<Boje, std::string> > >&, std::multimap<Boje, std::string, std::less<Boje>, std::allocator<std::pair<Boje const, std::string> > >&)::{lambda(std::pair<Boje, std::string>&)#1}) (stl_algo.h:4416)
==2555==    by 0x402293: IzbaciKarte(std::list<std::pair<Boje, std::string>, std::allocator<std::pair<Boje, std::string> > >&, std::multimap<Boje, std::string, std::less<Boje>, std::allocator<std::pair<Boje const, std::string> > >&) (main.cpp:96)
==2555==    by 0x4034A6: main (main.cpp:207)
==2555==  Address 0x5a25370 is 0 bytes inside a block of size 32 free'd
==2555==    at 0x4C2C2BC: operator delete(void*) (in /usr/lib/valgrind/vgpreload_memcheck-amd64-linux.so)
==2555==    by 0x408699: __gnu_cxx::new_allocator<std::_List_node<std::pair<Boje, std::string> > >::deallocate(std::_List_node<std::pair<Boje, std::string> >*, unsigned long) (new_allocator.h:110)
==2555==    by 0x407475: std::_List_base<std::pair<Boje, std::string>, std::allocator<std::pair<Boje, std::string> > >::_M_put_node(std::_List_node<std::pair<Boje, std::string> >*) (stl_list.h:338)
==2555==    by 0x4066B7: std::list<std::pair<Boje, std::string>, std::allocator<std::pair<Boje, std::string> > >::_M_erase(std::_List_iterator<std::pair<Boje, std::string> >) (stl_list.h:1577)
==2555==    by 0x4052E1: std::list<std::pair<Boje, std::string>, std::allocator<std::pair<Boje, std::string> > >::remove(std::pair<Boje, std::string> const&) (list.tcc:261)
==2555==    by 0x402204: IzbaciKarte(std::list<std::pair<Boje, std::string>, std::allocator<std::pair<Boje, std::string> > >&, std::multimap<Boje, std::string, std::less<Boje>, std::allocator<std::pair<Boje const, std::string> > >&)::{lambda(std::pair<Boje, std::string>&)#1}::operator()(std::pair<Boje, std::string>&) const (main.cpp:95)
==2555==    by 0x40398C: IzbaciKarte(std::list<std::pair<Boje, std::string>, std::allocator<std::pair<Boje, std::string> > >&, std::multimap<Boje, std::string, std::less<Boje>, std::allocator<std::pair<Boje const, std::string> > >&)::{lambda(std::pair<Boje, std::string>&)#1} std::for_each<std::_List_iterator<std::pair<Boje, std::string> >, IzbaciKarte(std::list<std::pair<Boje, std::string>, std::allocator<std::pair<Boje, std::string> > >&, std::multimap<Boje, std::string, std::less<Boje>, std::allocator<std::pair<Boje const, std::string> > >&)::{lambda(std::pair<Boje, std::string>&)#1}>(std::_List_iterator<std::pair<Boje, std::string> >, IzbaciKarte(std::list<std::pair<Boje, std::string>, std::allocator<std::pair<Boje, std::string> > >&, std::multimap<Boje, std::string, std::less<Boje>, std::allocator<std::pair<Boje const, std::string> > >&)::{lambda(std::pair<Boje, std::string>&)#1}, IzbaciKarte(std::list<std::pair<Boje, std::string>, std::allocator<std::pair<Boje, std::string> > >&, std::multimap<Boje, std::string, std::less<Boje>, std::allocator<std::pair<Boje const, std::string> > >&)::{lambda(std::pair<Boje, std::string>&)#1}) (stl_algo.h:4417)
==2555==    by 0x402293: IzbaciKarte(std::list<std::pair<Boje, std::string>, std::allocator<std::pair<Boje, std::string> > >&, std::multimap<Boje, std::string, std::less<Boje>, std::allocator<std::pair<Boje const, std::string> > >&) (main.cpp:96)
==2555==    by 0x4034A6: main (main.cpp:207)
==2555== 
==2555== 
==2555== HEAP SUMMARY:
==2555==     in use at exit: 0 bytes in 0 blocks
==2555==   total heap usage: 373 allocs, 373 frees, 26,282 bytes allocated
==2555== 
==2555== All heap blocks were freed -- no leaks are possible
==2555== 
==2555== For counts of detected and suppressed errors, rerun with: -v
==2555== Use --track-origins=yes to see where uninitialised values come from
==2555== ERROR SUMMARY: 11 errors from 6 contexts (suppressed: 0 from 0)
