==26513== Memcheck, a memory error detector
==26513== Copyright (C) 2002-2013, and GNU GPL'd, by Julian Seward et al.
==26513== Using Valgrind-3.10.1 and LibVEX; rerun with -h for copyright info
==26513== Command: /rhome/r/rpolic1/workspace/OR/T12/Z4/.runme
==26513== Parent PID: 26509
==26513== 
==26513== 
==26513== HEAP SUMMARY:
==26513==     in use at exit: 568 bytes in 1 blocks
==26513==   total heap usage: 1 allocs, 0 frees, 568 bytes allocated
==26513== 
==26513== LEAK SUMMARY:
==26513==    definitely lost: 0 bytes in 0 blocks
==26513==    indirectly lost: 0 bytes in 0 blocks
==26513==      possibly lost: 0 bytes in 0 blocks
==26513==    still reachable: 568 bytes in 1 blocks
==26513==         suppressed: 0 bytes in 0 blocks
==26513== Reachable blocks (those to which a pointer was found) are not shown.
==26513== To see them, rerun with: --leak-check=full --show-leak-kinds=all
==26513== 
==26513== For counts of detected and suppressed errors, rerun with: -v
==26513== ERROR SUMMARY: 0 errors from 0 contexts (suppressed: 0 from 0)
