==24871== Memcheck, a memory error detector
==24871== Copyright (C) 2002-2013, and GNU GPL'd, by Julian Seward et al.
==24871== Using Valgrind-3.10.1 and LibVEX; rerun with -h for copyright info
==24871== Command: /rhome/r/rpolic1/workspace/TP/T4/Z5/.runme
==24871== Parent PID: 24843
==24871== 
==24871== Conditional jump or move depends on uninitialised value(s)
==24871==    at 0x401154: main (main.cpp:31)
==24871== 
==24871== 
==24871== HEAP SUMMARY:
==24871==     in use at exit: 8,192 bytes in 1 blocks
==24871==   total heap usage: 12 allocs, 11 frees, 16,380 bytes allocated
==24871== 
==24871== LEAK SUMMARY:
==24871==    definitely lost: 0 bytes in 0 blocks
==24871==    indirectly lost: 0 bytes in 0 blocks
==24871==      possibly lost: 0 bytes in 0 blocks
==24871==    still reachable: 8,192 bytes in 1 blocks
==24871==         suppressed: 0 bytes in 0 blocks
==24871== Reachable blocks (those to which a pointer was found) are not shown.
==24871== To see them, rerun with: --leak-check=full --show-leak-kinds=all
==24871== 
==24871== For counts of detected and suppressed errors, rerun with: -v
==24871== Use --track-origins=yes to see where uninitialised values come from
==24871== ERROR SUMMARY: 1128 errors from 1 contexts (suppressed: 0 from 0)
