[New LWP 11565]
Core was generated by `'.
Program terminated with signal SIGSEGV, Segmentation fault.
#0  0x0000000000400ed1 in Ugao::DajRadijane (this=0xfff000960) at /rhome/r/rpolic1/workspace/TP/T10/Z5/main.cpp:37
37				double _x(this->DajRadijane());
#0  0x0000000000400ed1 in Ugao::DajRadijane (this=0xfff000960) at /rhome/r/rpolic1/workspace/TP/T10/Z5/main.cpp:37
#1  0x0000000000400ed6 in Ugao::DajRadijane (this=0xfff000960) at /rhome/r/rpolic1/workspace/TP/T10/Z5/main.cpp:37
#2  0x0000000000400ed6 in Ugao::DajRadijane (this=0xfff000960) at /rhome/r/rpolic1/workspace/TP/T10/Z5/main.cpp:37
#3  0x0000000000400ed6 in Ugao::DajRadijane (this=0xfff000960) at /rhome/r/rpolic1/workspace/TP/T10/Z5/main.cpp:37
#4  0x0000000000400ed6 in Ugao::DajRadijane (this=0xfff000960) at /rhome/r/rpolic1/workspace/TP/T10/Z5/main.cpp:37
#5  0x0000000000400ed6 in Ugao::DajRadijane (this=0xfff000960) at /rhome/r/rpolic1/workspace/TP/T10/Z5/main.cpp:37
#6  0x0000000000400ed6 in Ugao::DajRadijane (this=0xfff000960) at /rhome/r/rpolic1/workspace/TP/T10/Z5/main.cpp:37
#7  0x0000000000400ed6 in Ugao::DajRadijane (this=0xfff000960) at /rhome/r/rpolic1/workspace/TP/T10/Z5/main.cpp:37
#8  0x0000000000400ed6 in Ugao::DajRadijane (this=0xfff000960) at /rhome/r/rpolic1/workspace/TP/T10/Z5/main.cpp:37
#9  0x0000000000400ed6 in Ugao::DajRadijane (this=0xfff000960) at /rhome/r/rpolic1/workspace/TP/T10/Z5/main.cpp:37
#10 0x0000000000400ed6 in Ugao::DajRadijane (this=0xfff000960) at /rhome/r/rpolic1/workspace/TP/T10/Z5/main.cpp:37
#11 0x0000000000400ed6 in Ugao::DajRadijane (this=0xfff000960) at /rhome/r/rpolic1/workspace/TP/T10/Z5/main.cpp:37
#12 0x0000000000400ed6 in Ugao::DajRadijane (this=0xfff000960) at /rhome/r/rpolic1/workspace/TP/T10/Z5/main.cpp:37
#13 0x0000000000400ed6 in Ugao::DajRadijane (this=0xfff000960) at /rhome/r/rpolic1/workspace/TP/T10/Z5/main.cpp:37
#14 0x0000000000400ed6 in Ugao::DajRadijane (this=0xfff000960) at /rhome/r/rpolic1/workspace/TP/T10/Z5/main.cpp:37
#15 0x0000000000400ed6 in Ugao::DajRadijane (this=0xfff000960) at /rhome/r/rpolic1/workspace/TP/T10/Z5/main.cpp:37
#16 0x0000000000400ed6 in Ugao::DajRadijane (this=0xfff000960) at /rhome/r/rpolic1/workspace/TP/T10/Z5/main.cpp:37
#17 0x0000000000400ed6 in Ugao::DajRadijane (this=0xfff000960) at /rhome/r/rpolic1/workspace/TP/T10/Z5/main.cpp:37
#18 0x0000000000400ed6 in Ugao::DajRadijane (this=0xfff000960) at /rhome/r/rpolic1/workspace/TP/T10/Z5/main.cpp:37
#19 0x0000000000400ed6 in Ugao::DajRadijane (this=0xfff000960) at /rhome/r/rpolic1/workspace/TP/T10/Z5/main.cpp:37
#20 0x0000000000400ed6 in Ugao::DajRadijane (this=0xfff000960) at /rhome/r/rpolic1/workspace/TP/T10/Z5/main.cpp:37
#21 0x0000000000400ed6 in Ugao::DajRadijane (this=0xfff000960) at /rhome/r/rpolic1/workspace/TP/T10/Z5/main.cpp:37
#22 0x0000000000400ed6 in Ugao::DajRadijane (this=0xfff000960) at /rhome/r/rpolic1/workspace/TP/T10/Z5/main.cpp:37
#23 0x0000000000400ed6 in Ugao::DajRadijane (this=0xfff000960) at /rhome/r/rpolic1/workspace/TP/T10/Z5/main.cpp:37
#24 0x0000000000400ed6 in Ugao::DajRadijane (this=0xfff000960) at /rhome/r/rpolic1/workspace/TP/T10/Z5/main.cpp:37
#25 0x0000000000400ed6 in Ugao::DajRadijane (this=0xfff000960) at /rhome/r/rpolic1/workspace/TP/T10/Z5/main.cpp:37
#26 0x0000000000400ed6 in Ugao::DajRadijane (this=0xfff000960) at /rhome/r/rpolic1/workspace/TP/T10/Z5/main.cpp:37
#27 0x0000000000400ed6 in Ugao::DajRadijane (this=0xfff000960) at /rhome/r/rpolic1/workspace/TP/T10/Z5/main.cpp:37
#28 0x0000000000400ed6 in Ugao::DajRadijane (this=0xfff000960) at /rhome/r/rpolic1/workspace/TP/T10/Z5/main.cpp:37
#29 0x0000000000400ed6 in Ugao::DajRadijane (this=0xfff000960) at /rhome/r/rpolic1/workspace/TP/T10/Z5/main.cpp:37
#30 0x0000000000400ed6 in Ugao::DajRadijane (this=0xfff000960) at /rhome/r/rpolic1/workspace/TP/T10/Z5/main.cpp:37
#31 0x0000000000400ed6 in Ugao::DajRadijane (this=0xfff000960) at /rhome/r/rpolic1/workspace/TP/T10/Z5/main.cpp:37
#32 0x0000000000400ed6 in Ugao::DajRadijane (this=0xfff000960) at /rhome/r/rpolic1/workspace/TP/T10/Z5/main.cpp:37
#33 0x0000000000400ed6 in Ugao::DajRadijane (this=0xfff000960) at /rhome/r/rpolic1/workspace/TP/T10/Z5/main.cpp:37
#34 0x0000000000400ed6 in Ugao::DajRadijane (this=0xfff000960) at /rhome/r/rpolic1/workspace/TP/T10/Z5/main.cpp:37
#35 0x0000000000400ed6 in Ugao::DajRadijane (this=0xfff000960) at /rhome/r/rpolic1/workspace/TP/T10/Z5/main.cpp:37
#36 0x0000000000400ed6 in Ugao::DajRadijane (this=0xfff000960) at /rhome/r/rpolic1/workspace/TP/T10/Z5/main.cpp:37
#37 0x0000000000400ed6 in Ugao::DajRadijane (this=0xfff000960) at /rhome/r/rpolic1/workspace/TP/T10/Z5/main.cpp:37
#38 0x0000000000400ed6 in Ugao::DajRadijane (this=0xfff000960) at /rhome/r/rpolic1/workspace/TP/T10/Z5/main.cpp:37
#39 0x0000000000400ed6 in Ugao::DajRadijane (this=0xfff000960) at /rhome/r/rpolic1/workspace/TP/T10/Z5/main.cpp:37
#40 0x0000000000400ed6 in Ugao::DajRadijane (this=0xfff000960) at /rhome/r/rpolic1/workspace/TP/T10/Z5/main.cpp:37
#41 0x0000000000400ed6 in Ugao::DajRadijane (this=0xfff000960) at /rhome/r/rpolic1/workspace/TP/T10/Z5/main.cpp:37
#42 0x0000000000400ed6 in Ugao::DajRadijane (this=0xfff000960) at /rhome/r/rpolic1/workspace/TP/T10/Z5/main.cpp:37
#43 0x0000000000400ed6 in Ugao::DajRadijane (this=0xfff000960) at /rhome/r/rpolic1/workspace/TP/T10/Z5/main.cpp:37
#44 0x0000000000400ed6 in Ugao::DajRadijane (this=0xfff000960) at /rhome/r/rpolic1/workspace/TP/T10/Z5/main.cpp:37
#45 0x0000000000400ed6 in Ugao::DajRadijane (this=0xfff000960) at /rhome/r/rpolic1/workspace/TP/T10/Z5/main.cpp:37
#46 0x0000000000400ed6 in Ugao::DajRadijane (this=0xfff000960) at /rhome/r/rpolic1/workspace/TP/T10/Z5/main.cpp:37
#47 0x0000000000400ed6 in Ugao::DajRadijane (this=0xfff000960) at /rhome/r/rpolic1/workspace/TP/T10/Z5/main.cpp:37
#48 0x0000000000400ed6 in Ugao::DajRadijane (this=0xfff000960) at /rhome/r/rpolic1/workspace/TP/T10/Z5/main.cpp:37
#49 0x0000000000400ed6 in Ugao::DajRadijane (this=0xfff000960) at /rhome/r/rpolic1/workspace/TP/T10/Z5/main.cpp:37
#50 0x0000000000400ed6 in Ugao::DajRadijane (this=0xfff000960) at /rhome/r/rpolic1/workspace/TP/T10/Z5/main.cpp:37
#51 0x0000000000400ed6 in Ugao::DajRadijane (this=0xfff000960) at /rhome/r/rpolic1/workspace/TP/T10/Z5/main.cpp:37
#52 0x0000000000400ed6 in Ugao::DajRadijane (this=0xfff000960) at /rhome/r/rpolic1/workspace/TP/T10/Z5/main.cpp:37
#53 0x0000000000400ed6 in Ugao::DajRadijane (this=0xfff000960) at /rhome/r/rpolic1/workspace/TP/T10/Z5/main.cpp:37
#54 0x0000000000400ed6 in Ugao::DajRadijane (this=0xfff000960) at /rhome/r/rpolic1/workspace/TP/T10/Z5/main.cpp:37
#55 0x0000000000400ed6 in Ugao::DajRadijane (this=0xfff000960) at /rhome/r/rpolic1/workspace/TP/T10/Z5/main.cpp:37
#56 0x0000000000400ed6 in Ugao::DajRadijane (this=0xfff000960) at /rhome/r/rpolic1/workspace/TP/T10/Z5/main.cpp:37
#57 0x0000000000400ed6 in Ugao::DajRadijane (this=0xfff000960) at /rhome/r/rpolic1/workspace/TP/T10/Z5/main.cpp:37
#58 0x0000000000400ed6 in Ugao::DajRadijane (this=0xfff000960) at /rhome/r/rpolic1/workspace/TP/T10/Z5/main.cpp:37
#59 0x0000000000400ed6 in Ugao::DajRadijane (this=0xfff000960) at /rhome/r/rpolic1/workspace/TP/T10/Z5/main.cpp:37
#60 0x0000000000400ed6 in Ugao::DajRadijane (this=0xfff000960) at /rhome/r/rpolic1/workspace/TP/T10/Z5/main.cpp:37
#61 0x0000000000400ed6 in Ugao::DajRadijane (this=0xfff000960) at /rhome/r/rpolic1/workspace/TP/T10/Z5/main.cpp:37
#62 0x0000000000400ed6 in Ugao::DajRadijane (this=0xfff000960) at /rhome/r/rpolic1/workspace/TP/T10/Z5/main.cpp:37
#63 0x0000000000400ed6 in Ugao::DajRadijane (this=0xfff000960) at /rhome/r/rpolic1/workspace/TP/T10/Z5/main.cpp:37
#64 0x0000000000400ed6 in Ugao::DajRadijane (this=0xfff000960) at /rhome/r/rpolic1/workspace/TP/T10/Z5/main.cpp:37
#65 0x0000000000400ed6 in Ugao::DajRadijane (this=0xfff000960) at /rhome/r/rpolic1/workspace/TP/T10/Z5/main.cpp:37
#66 0x0000000000400ed6 in Ugao::DajRadijane (this=0xfff000960) at /rhome/r/rpolic1/workspace/TP/T10/Z5/main.cpp:37
#67 0x0000000000400ed6 in Ugao::DajRadijane (this=0xfff000960) at /rhome/r/rpolic1/workspace/TP/T10/Z5/main.cpp:37
#68 0x0000000000400ed6 in Ugao::DajRadijane (this=0xfff000960) at /rhome/r/rpolic1/workspace/TP/T10/Z5/main.cpp:37
#69 0x0000000000400ed6 in Ugao::DajRadijane (this=0xfff000960) at /rhome/r/rpolic1/workspace/TP/T10/Z5/main.cpp:37
#70 0x0000000000400ed6 in Ugao::DajRadijane (this=0xfff000960) at /rhome/r/rpolic1/workspace/TP/T10/Z5/main.cpp:37
#71 0x0000000000400ed6 in Ugao::DajRadijane (this=0xfff000960) at /rhome/r/rpolic1/workspace/TP/T10/Z5/main.cpp:37
#72 0x0000000000400ed6 in Ugao::DajRadijane (this=0xfff000960) at /rhome/r/rpolic1/workspace/TP/T10/Z5/main.cpp:37
#73 0x0000000000400ed6 in Ugao::DajRadijane (this=0xfff000960) at /rhome/r/rpolic1/workspace/TP/T10/Z5/main.cpp:37
#74 0x0000000000400ed6 in Ugao::DajRadijane (this=0xfff000960) at /rhome/r/rpolic1/workspace/TP/T10/Z5/main.cpp:37
#75 0x0000000000400ed6 in Ugao::DajRadijane (this=0xfff000960) at /rhome/r/rpolic1/workspace/TP/T10/Z5/main.cpp:37
#76 0x0000000000400ed6 in Ugao::DajRadijane (this=0xfff000960) at /rhome/r/rpolic1/workspace/TP/T10/Z5/main.cpp:37
#77 0x0000000000400ed6 in Ugao::DajRadijane (this=0xfff000960) at /rhome/r/rpolic1/workspace/TP/T10/Z5/main.cpp:37
#78 0x0000000000400ed6 in Ugao::DajRadijane (this=0xfff000960) at /rhome/r/rpolic1/workspace/TP/T10/Z5/main.cpp:37
#79 0x0000000000400ed6 in Ugao::DajRadijane (this=0xfff000960) at /rhome/r/rpolic1/workspace/TP/T10/Z5/main.cpp:37
#80 0x0000000000400ed6 in Ugao::DajRadijane (this=0xfff000960) at /rhome/r/rpolic1/workspace/TP/T10/Z5/main.cpp:37
#81 0x0000000000400ed6 in Ugao::DajRadijane (this=0xfff000960) at /rhome/r/rpolic1/workspace/TP/T10/Z5/main.cpp:37
#82 0x0000000000400ed6 in Ugao::DajRadijane (this=0xfff000960) at /rhome/r/rpolic1/workspace/TP/T10/Z5/main.cpp:37
#83 0x0000000000400ed6 in Ugao::DajRadijane (this=0xfff000960) at /rhome/r/rpolic1/workspace/TP/T10/Z5/main.cpp:37
#84 0x0000000000400ed6 in Ugao::DajRadijane (this=0xfff000960) at /rhome/r/rpolic1/workspace/TP/T10/Z5/main.cpp:37
#85 0x0000000000400ed6 in Ugao::DajRadijane (this=0xfff000960) at /rhome/r/rpolic1/workspace/TP/T10/Z5/main.cpp:37
#86 0x0000000000400ed6 in Ugao::DajRadijane (this=0xfff000960) at /rhome/r/rpolic1/workspace/TP/T10/Z5/main.cpp:37
#87 0x0000000000400ed6 in Ugao::DajRadijane (this=0xfff000960) at /rhome/r/rpolic1/workspace/TP/T10/Z5/main.cpp:37
#88 0x0000000000400ed6 in Ugao::DajRadijane (this=0xfff000960) at /rhome/r/rpolic1/workspace/TP/T10/Z5/main.cpp:37
#89 0x0000000000400ed6 in Ugao::DajRadijane (this=0xfff000960) at /rhome/r/rpolic1/workspace/TP/T10/Z5/main.cpp:37
#90 0x0000000000400ed6 in Ugao::DajRadijane (this=0xfff000960) at /rhome/r/rpolic1/workspace/TP/T10/Z5/main.cpp:37
#91 0x0000000000400ed6 in Ugao::DajRadijane (this=0xfff000960) at /rhome/r/rpolic1/workspace/TP/T10/Z5/main.cpp:37
#92 0x0000000000400ed6 in Ugao::DajRadijane (this=0xfff000960) at /rhome/r/rpolic1/workspace/TP/T10/Z5/main.cpp:37
#93 0x0000000000400ed6 in Ugao::DajRadijane (this=0xfff000960) at /rhome/r/rpolic1/workspace/TP/T10/Z5/main.cpp:37
#94 0x0000000000400ed6 in Ugao::DajRadijane (this=0xfff000960) at /rhome/r/rpolic1/workspace/TP/T10/Z5/main.cpp:37
#95 0x0000000000400ed6 in Ugao::DajRadijane (this=0xfff000960) at /rhome/r/rpolic1/workspace/TP/T10/Z5/main.cpp:37
#96 0x0000000000400ed6 in Ugao::DajRadijane (this=0xfff000960) at /rhome/r/rpolic1/workspace/TP/T10/Z5/main.cpp:37
#97 0x0000000000400ed6 in Ugao::DajRadijane (this=0xfff000960) at /rhome/r/rpolic1/workspace/TP/T10/Z5/main.cpp:37
#98 0x0000000000400ed6 in Ugao::DajRadijane (this=0xfff000960) at /rhome/r/rpolic1/workspace/TP/T10/Z5/main.cpp:37
#99 0x0000000000400ed6 in Ugao::DajRadijane (this=0xfff000960) at /rhome/r/rpolic1/workspace/TP/T10/Z5/main.cpp:37
