==27968== Memcheck, a memory error detector
==27968== Copyright (C) 2002-2013, and GNU GPL'd, by Julian Seward et al.
==27968== Using Valgrind-3.10.1 and LibVEX; rerun with -h for copyright info
==27968== Command: /rhome/r/rpolic1/workspace/OR/T2/Z4/.runme
==27968== Parent PID: 27964
==27968== 
==27968== Conditional jump or move depends on uninitialised value(s)
==27968==    at 0x4005A8: checkLimit (main.c:8)
==27968==    by 0x400633: main (main.c:30)
==27968== 
==27968== 
==27968== HEAP SUMMARY:
==27968==     in use at exit: 0 bytes in 0 blocks
==27968==   total heap usage: 0 allocs, 0 frees, 0 bytes allocated
==27968== 
==27968== All heap blocks were freed -- no leaks are possible
==27968== 
==27968== For counts of detected and suppressed errors, rerun with: -v
==27968== Use --track-origins=yes to see where uninitialised values come from
==27968== ERROR SUMMARY: 1 errors from 1 contexts (suppressed: 0 from 0)
