[New LWP 19253]
Core was generated by `'.
Program terminated with signal SIGXCPU, CPU time limit exceeded.
#0  0x000000000040140b in PascalNum (red=8, kolona=4) at /rhome/r/rpolic1/workspace/TP/T3/Z7/main.cpp:16
16	     else return (PascalNum(red-1, kolona) + PascalNum(red-1, kolona-1));
#0  0x000000000040140b in PascalNum (red=8, kolona=4) at /rhome/r/rpolic1/workspace/TP/T3/Z7/main.cpp:16
#1  0x000000000040140b in PascalNum (red=9, kolona=4) at /rhome/r/rpolic1/workspace/TP/T3/Z7/main.cpp:16
#2  0x000000000040140b in PascalNum (red=10, kolona=4) at /rhome/r/rpolic1/workspace/TP/T3/Z7/main.cpp:16
#3  0x000000000040140b in PascalNum (red=11, kolona=4) at /rhome/r/rpolic1/workspace/TP/T3/Z7/main.cpp:16
#4  0x0000000000401423 in PascalNum (red=12, kolona=5) at /rhome/r/rpolic1/workspace/TP/T3/Z7/main.cpp:16
#5  0x000000000040140b in PascalNum (red=13, kolona=5) at /rhome/r/rpolic1/workspace/TP/T3/Z7/main.cpp:16
#6  0x0000000000401423 in PascalNum (red=14, kolona=6) at /rhome/r/rpolic1/workspace/TP/T3/Z7/main.cpp:16
#7  0x0000000000401423 in PascalNum (red=15, kolona=7) at /rhome/r/rpolic1/workspace/TP/T3/Z7/main.cpp:16
#8  0x0000000000401423 in PascalNum (red=16, kolona=8) at /rhome/r/rpolic1/workspace/TP/T3/Z7/main.cpp:16
#9  0x000000000040140b in PascalNum (red=17, kolona=8) at /rhome/r/rpolic1/workspace/TP/T3/Z7/main.cpp:16
#10 0x0000000000401423 in PascalNum (red=18, kolona=9) at /rhome/r/rpolic1/workspace/TP/T3/Z7/main.cpp:16
#11 0x000000000040140b in PascalNum (red=19, kolona=9) at /rhome/r/rpolic1/workspace/TP/T3/Z7/main.cpp:16
#12 0x000000000040140b in PascalNum (red=20, kolona=9) at /rhome/r/rpolic1/workspace/TP/T3/Z7/main.cpp:16
#13 0x000000000040140b in PascalNum (red=21, kolona=9) at /rhome/r/rpolic1/workspace/TP/T3/Z7/main.cpp:16
#14 0x000000000040140b in PascalNum (red=22, kolona=9) at /rhome/r/rpolic1/workspace/TP/T3/Z7/main.cpp:16
#15 0x000000000040140b in PascalNum (red=23, kolona=9) at /rhome/r/rpolic1/workspace/TP/T3/Z7/main.cpp:16
#16 0x0000000000401423 in PascalNum (red=24, kolona=10) at /rhome/r/rpolic1/workspace/TP/T3/Z7/main.cpp:16
#17 0x000000000040140b in PascalNum (red=25, kolona=10) at /rhome/r/rpolic1/workspace/TP/T3/Z7/main.cpp:16
#18 0x000000000040140b in PascalNum (red=26, kolona=10) at /rhome/r/rpolic1/workspace/TP/T3/Z7/main.cpp:16
#19 0x000000000040161d in PascalovTrougao (n=27) at /rhome/r/rpolic1/workspace/TP/T3/Z7/main.cpp:57
#20 0x000000000040172a in main () at /rhome/r/rpolic1/workspace/TP/T3/Z7/main.cpp:72
