==4151== Memcheck, a memory error detector
==4151== Copyright (C) 2002-2013, and GNU GPL'd, by Julian Seward et al.
==4151== Using Valgrind-3.10.1 and LibVEX; rerun with -h for copyright info
==4151== Command: /rhome/r/rpolic1/workspace/TP/T4/Z4/.runme
==4151== Parent PID: 4125
==4151== 
==4151== 
==4151== HEAP SUMMARY:
==4151==     in use at exit: 100 bytes in 2 blocks
==4151==   total heap usage: 2 allocs, 0 frees, 100 bytes allocated
==4151== 
==4151== 39 bytes in 1 blocks are possibly lost in loss record 1 of 2
==4151==    at 0x4C2B0E0: operator new(unsigned long) (in /usr/lib/valgrind/vgpreload_memcheck-amd64-linux.so)
==4151==    by 0x4EF1248: std::string::_Rep::_S_create(unsigned long, unsigned long, std::allocator<char> const&) (in /usr/lib/x86_64-linux-gnu/libstdc++.so.6.0.19)
==4151==    by 0x4EF2970: char* std::string::_S_construct<char const*>(char const*, char const*, std::allocator<char> const&, std::forward_iterator_tag) (in /usr/lib/x86_64-linux-gnu/libstdc++.so.6.0.19)
==4151==    by 0x4EF2D87: std::basic_string<char, std::char_traits<char>, std::allocator<char> >::basic_string(char const*, std::allocator<char> const&) (in /usr/lib/x86_64-linux-gnu/libstdc++.so.6.0.19)
==4151==    by 0x400F0B: main (main.cpp:32)
==4151== 
==4151== 61 bytes in 1 blocks are possibly lost in loss record 2 of 2
==4151==    at 0x4C2B0E0: operator new(unsigned long) (in /usr/lib/valgrind/vgpreload_memcheck-amd64-linux.so)
==4151==    by 0x4EF1248: std::string::_Rep::_S_create(unsigned long, unsigned long, std::allocator<char> const&) (in /usr/lib/x86_64-linux-gnu/libstdc++.so.6.0.19)
==4151==    by 0x4EF2970: char* std::string::_S_construct<char const*>(char const*, char const*, std::allocator<char> const&, std::forward_iterator_tag) (in /usr/lib/x86_64-linux-gnu/libstdc++.so.6.0.19)
==4151==    by 0x4EF2D87: std::basic_string<char, std::char_traits<char>, std::allocator<char> >::basic_string(char const*, std::allocator<char> const&) (in /usr/lib/x86_64-linux-gnu/libstdc++.so.6.0.19)
==4151==    by 0x400EEA: main (main.cpp:32)
==4151== 
==4151== LEAK SUMMARY:
==4151==    definitely lost: 0 bytes in 0 blocks
==4151==    indirectly lost: 0 bytes in 0 blocks
==4151==      possibly lost: 100 bytes in 2 blocks
==4151==    still reachable: 0 bytes in 0 blocks
==4151==         suppressed: 0 bytes in 0 blocks
==4151== 
==4151== For counts of detected and suppressed errors, rerun with: -v
==4151== ERROR SUMMARY: 2 errors from 2 contexts (suppressed: 0 from 0)
