[New LWP 22092]
Core was generated by `'.
Program terminated with signal SIGSEGV, Segmentation fault.
#0  0x0000000000400b30 in obuhvata (oblik1=<error reading variable: Cannot access memory at address 0xffe801ee8>, tip1=<error reading variable: Cannot access memory at address 0xffe801ee4>, oblik2=<error reading variable: Cannot access memory at address 0xffe801ed8>, tip2=<error reading variable: Cannot access memory at address 0xffe801ee0>) at /rhome/r/rpolic1/workspace/OR/Z5/Z2/main.c:85
85	int obuhvata(void* oblik1, TipOblika tip1, void* oblik2, TipOblika tip2) {
#0  0x0000000000400b30 in obuhvata (oblik1=<error reading variable: Cannot access memory at address 0xffe801ee8>, tip1=<error reading variable: Cannot access memory at address 0xffe801ee4>, oblik2=<error reading variable: Cannot access memory at address 0xffe801ed8>, tip2=<error reading variable: Cannot access memory at address 0xffe801ee0>) at /rhome/r/rpolic1/workspace/OR/Z5/Z2/main.c:85
#1  0x0000000000400dd8 in obuhvata (oblik1=0xffe802308, tip1=PRAVOUGAONIK, oblik2=0xffe8022f8, tip2=TROUGAO) at /rhome/r/rpolic1/workspace/OR/Z5/Z2/main.c:106
#2  0x0000000000400dd8 in obuhvata (oblik1=0xffe802518, tip1=PRAVOUGAONIK, oblik2=0xffe802508, tip2=TROUGAO) at /rhome/r/rpolic1/workspace/OR/Z5/Z2/main.c:106
#3  0x0000000000400dd8 in obuhvata (oblik1=0xffe802728, tip1=PRAVOUGAONIK, oblik2=0xffe802718, tip2=TROUGAO) at /rhome/r/rpolic1/workspace/OR/Z5/Z2/main.c:106
#4  0x0000000000400dd8 in obuhvata (oblik1=0xffe802938, tip1=PRAVOUGAONIK, oblik2=0xffe802928, tip2=TROUGAO) at /rhome/r/rpolic1/workspace/OR/Z5/Z2/main.c:106
#5  0x0000000000400dd8 in obuhvata (oblik1=0xffe802b48, tip1=PRAVOUGAONIK, oblik2=0xffe802b38, tip2=TROUGAO) at /rhome/r/rpolic1/workspace/OR/Z5/Z2/main.c:106
#6  0x0000000000400dd8 in obuhvata (oblik1=0xffe802d58, tip1=PRAVOUGAONIK, oblik2=0xffe802d48, tip2=TROUGAO) at /rhome/r/rpolic1/workspace/OR/Z5/Z2/main.c:106
#7  0x0000000000400dd8 in obuhvata (oblik1=0xffe802f68, tip1=PRAVOUGAONIK, oblik2=0xffe802f58, tip2=TROUGAO) at /rhome/r/rpolic1/workspace/OR/Z5/Z2/main.c:106
#8  0x0000000000400dd8 in obuhvata (oblik1=0xffe803178, tip1=PRAVOUGAONIK, oblik2=0xffe803168, tip2=TROUGAO) at /rhome/r/rpolic1/workspace/OR/Z5/Z2/main.c:106
#9  0x0000000000400dd8 in obuhvata (oblik1=0xffe803388, tip1=PRAVOUGAONIK, oblik2=0xffe803378, tip2=TROUGAO) at /rhome/r/rpolic1/workspace/OR/Z5/Z2/main.c:106
#10 0x0000000000400dd8 in obuhvata (oblik1=0xffe803598, tip1=PRAVOUGAONIK, oblik2=0xffe803588, tip2=TROUGAO) at /rhome/r/rpolic1/workspace/OR/Z5/Z2/main.c:106
#11 0x0000000000400dd8 in obuhvata (oblik1=0xffe8037a8, tip1=PRAVOUGAONIK, oblik2=0xffe803798, tip2=TROUGAO) at /rhome/r/rpolic1/workspace/OR/Z5/Z2/main.c:106
#12 0x0000000000400dd8 in obuhvata (oblik1=0xffe8039b8, tip1=PRAVOUGAONIK, oblik2=0xffe8039a8, tip2=TROUGAO) at /rhome/r/rpolic1/workspace/OR/Z5/Z2/main.c:106
#13 0x0000000000400dd8 in obuhvata (oblik1=0xffe803bc8, tip1=PRAVOUGAONIK, oblik2=0xffe803bb8, tip2=TROUGAO) at /rhome/r/rpolic1/workspace/OR/Z5/Z2/main.c:106
#14 0x0000000000400dd8 in obuhvata (oblik1=0xffe803dd8, tip1=PRAVOUGAONIK, oblik2=0xffe803dc8, tip2=TROUGAO) at /rhome/r/rpolic1/workspace/OR/Z5/Z2/main.c:106
#15 0x0000000000400dd8 in obuhvata (oblik1=0xffe803fe8, tip1=PRAVOUGAONIK, oblik2=0xffe803fd8, tip2=TROUGAO) at /rhome/r/rpolic1/workspace/OR/Z5/Z2/main.c:106
#16 0x0000000000400dd8 in obuhvata (oblik1=0xffe8041f8, tip1=PRAVOUGAONIK, oblik2=0xffe8041e8, tip2=TROUGAO) at /rhome/r/rpolic1/workspace/OR/Z5/Z2/main.c:106
#17 0x0000000000400dd8 in obuhvata (oblik1=0xffe804408, tip1=PRAVOUGAONIK, oblik2=0xffe8043f8, tip2=TROUGAO) at /rhome/r/rpolic1/workspace/OR/Z5/Z2/main.c:106
#18 0x0000000000400dd8 in obuhvata (oblik1=0xffe804618, tip1=PRAVOUGAONIK, oblik2=0xffe804608, tip2=TROUGAO) at /rhome/r/rpolic1/workspace/OR/Z5/Z2/main.c:106
#19 0x0000000000400dd8 in obuhvata (oblik1=0xffe804828, tip1=PRAVOUGAONIK, oblik2=0xffe804818, tip2=TROUGAO) at /rhome/r/rpolic1/workspace/OR/Z5/Z2/main.c:106
#20 0x0000000000400dd8 in obuhvata (oblik1=0xffe804a38, tip1=PRAVOUGAONIK, oblik2=0xffe804a28, tip2=TROUGAO) at /rhome/r/rpolic1/workspace/OR/Z5/Z2/main.c:106
#21 0x0000000000400dd8 in obuhvata (oblik1=0xffe804c48, tip1=PRAVOUGAONIK, oblik2=0xffe804c38, tip2=TROUGAO) at /rhome/r/rpolic1/workspace/OR/Z5/Z2/main.c:106
#22 0x0000000000400dd8 in obuhvata (oblik1=0xffe804e58, tip1=PRAVOUGAONIK, oblik2=0xffe804e48, tip2=TROUGAO) at /rhome/r/rpolic1/workspace/OR/Z5/Z2/main.c:106
#23 0x0000000000400dd8 in obuhvata (oblik1=0xffe805068, tip1=PRAVOUGAONIK, oblik2=0xffe805058, tip2=TROUGAO) at /rhome/r/rpolic1/workspace/OR/Z5/Z2/main.c:106
#24 0x0000000000400dd8 in obuhvata (oblik1=0xffe805278, tip1=PRAVOUGAONIK, oblik2=0xffe805268, tip2=TROUGAO) at /rhome/r/rpolic1/workspace/OR/Z5/Z2/main.c:106
#25 0x0000000000400dd8 in obuhvata (oblik1=0xffe805488, tip1=PRAVOUGAONIK, oblik2=0xffe805478, tip2=TROUGAO) at /rhome/r/rpolic1/workspace/OR/Z5/Z2/main.c:106
#26 0x0000000000400dd8 in obuhvata (oblik1=0xffe805698, tip1=PRAVOUGAONIK, oblik2=0xffe805688, tip2=TROUGAO) at /rhome/r/rpolic1/workspace/OR/Z5/Z2/main.c:106
#27 0x0000000000400dd8 in obuhvata (oblik1=0xffe8058a8, tip1=PRAVOUGAONIK, oblik2=0xffe805898, tip2=TROUGAO) at /rhome/r/rpolic1/workspace/OR/Z5/Z2/main.c:106
#28 0x0000000000400dd8 in obuhvata (oblik1=0xffe805ab8, tip1=PRAVOUGAONIK, oblik2=0xffe805aa8, tip2=TROUGAO) at /rhome/r/rpolic1/workspace/OR/Z5/Z2/main.c:106
#29 0x0000000000400dd8 in obuhvata (oblik1=0xffe805cc8, tip1=PRAVOUGAONIK, oblik2=0xffe805cb8, tip2=TROUGAO) at /rhome/r/rpolic1/workspace/OR/Z5/Z2/main.c:106
#30 0x0000000000400dd8 in obuhvata (oblik1=0xffe805ed8, tip1=PRAVOUGAONIK, oblik2=0xffe805ec8, tip2=TROUGAO) at /rhome/r/rpolic1/workspace/OR/Z5/Z2/main.c:106
#31 0x0000000000400dd8 in obuhvata (oblik1=0xffe8060e8, tip1=PRAVOUGAONIK, oblik2=0xffe8060d8, tip2=TROUGAO) at /rhome/r/rpolic1/workspace/OR/Z5/Z2/main.c:106
#32 0x0000000000400dd8 in obuhvata (oblik1=0xffe8062f8, tip1=PRAVOUGAONIK, oblik2=0xffe8062e8, tip2=TROUGAO) at /rhome/r/rpolic1/workspace/OR/Z5/Z2/main.c:106
#33 0x0000000000400dd8 in obuhvata (oblik1=0xffe806508, tip1=PRAVOUGAONIK, oblik2=0xffe8064f8, tip2=TROUGAO) at /rhome/r/rpolic1/workspace/OR/Z5/Z2/main.c:106
#34 0x0000000000400dd8 in obuhvata (oblik1=0xffe806718, tip1=PRAVOUGAONIK, oblik2=0xffe806708, tip2=TROUGAO) at /rhome/r/rpolic1/workspace/OR/Z5/Z2/main.c:106
#35 0x0000000000400dd8 in obuhvata (oblik1=0xffe806928, tip1=PRAVOUGAONIK, oblik2=0xffe806918, tip2=TROUGAO) at /rhome/r/rpolic1/workspace/OR/Z5/Z2/main.c:106
#36 0x0000000000400dd8 in obuhvata (oblik1=0xffe806b38, tip1=PRAVOUGAONIK, oblik2=0xffe806b28, tip2=TROUGAO) at /rhome/r/rpolic1/workspace/OR/Z5/Z2/main.c:106
#37 0x0000000000400dd8 in obuhvata (oblik1=0xffe806d48, tip1=PRAVOUGAONIK, oblik2=0xffe806d38, tip2=TROUGAO) at /rhome/r/rpolic1/workspace/OR/Z5/Z2/main.c:106
#38 0x0000000000400dd8 in obuhvata (oblik1=0xffe806f58, tip1=PRAVOUGAONIK, oblik2=0xffe806f48, tip2=TROUGAO) at /rhome/r/rpolic1/workspace/OR/Z5/Z2/main.c:106
#39 0x0000000000400dd8 in obuhvata (oblik1=0xffe807168, tip1=PRAVOUGAONIK, oblik2=0xffe807158, tip2=TROUGAO) at /rhome/r/rpolic1/workspace/OR/Z5/Z2/main.c:106
#40 0x0000000000400dd8 in obuhvata (oblik1=0xffe807378, tip1=PRAVOUGAONIK, oblik2=0xffe807368, tip2=TROUGAO) at /rhome/r/rpolic1/workspace/OR/Z5/Z2/main.c:106
#41 0x0000000000400dd8 in obuhvata (oblik1=0xffe807588, tip1=PRAVOUGAONIK, oblik2=0xffe807578, tip2=TROUGAO) at /rhome/r/rpolic1/workspace/OR/Z5/Z2/main.c:106
#42 0x0000000000400dd8 in obuhvata (oblik1=0xffe807798, tip1=PRAVOUGAONIK, oblik2=0xffe807788, tip2=TROUGAO) at /rhome/r/rpolic1/workspace/OR/Z5/Z2/main.c:106
#43 0x0000000000400dd8 in obuhvata (oblik1=0xffe8079a8, tip1=PRAVOUGAONIK, oblik2=0xffe807998, tip2=TROUGAO) at /rhome/r/rpolic1/workspace/OR/Z5/Z2/main.c:106
#44 0x0000000000400dd8 in obuhvata (oblik1=0xffe807bb8, tip1=PRAVOUGAONIK, oblik2=0xffe807ba8, tip2=TROUGAO) at /rhome/r/rpolic1/workspace/OR/Z5/Z2/main.c:106
#45 0x0000000000400dd8 in obuhvata (oblik1=0xffe807dc8, tip1=PRAVOUGAONIK, oblik2=0xffe807db8, tip2=TROUGAO) at /rhome/r/rpolic1/workspace/OR/Z5/Z2/main.c:106
#46 0x0000000000400dd8 in obuhvata (oblik1=0xffe807fd8, tip1=PRAVOUGAONIK, oblik2=0xffe807fc8, tip2=TROUGAO) at /rhome/r/rpolic1/workspace/OR/Z5/Z2/main.c:106
#47 0x0000000000400dd8 in obuhvata (oblik1=0xffe8081e8, tip1=PRAVOUGAONIK, oblik2=0xffe8081d8, tip2=TROUGAO) at /rhome/r/rpolic1/workspace/OR/Z5/Z2/main.c:106
#48 0x0000000000400dd8 in obuhvata (oblik1=0xffe8083f8, tip1=PRAVOUGAONIK, oblik2=0xffe8083e8, tip2=TROUGAO) at /rhome/r/rpolic1/workspace/OR/Z5/Z2/main.c:106
#49 0x0000000000400dd8 in obuhvata (oblik1=0xffe808608, tip1=PRAVOUGAONIK, oblik2=0xffe8085f8, tip2=TROUGAO) at /rhome/r/rpolic1/workspace/OR/Z5/Z2/main.c:106
#50 0x0000000000400dd8 in obuhvata (oblik1=0xffe808818, tip1=PRAVOUGAONIK, oblik2=0xffe808808, tip2=TROUGAO) at /rhome/r/rpolic1/workspace/OR/Z5/Z2/main.c:106
#51 0x0000000000400dd8 in obuhvata (oblik1=0xffe808a28, tip1=PRAVOUGAONIK, oblik2=0xffe808a18, tip2=TROUGAO) at /rhome/r/rpolic1/workspace/OR/Z5/Z2/main.c:106
#52 0x0000000000400dd8 in obuhvata (oblik1=0xffe808c38, tip1=PRAVOUGAONIK, oblik2=0xffe808c28, tip2=TROUGAO) at /rhome/r/rpolic1/workspace/OR/Z5/Z2/main.c:106
#53 0x0000000000400dd8 in obuhvata (oblik1=0xffe808e48, tip1=PRAVOUGAONIK, oblik2=0xffe808e38, tip2=TROUGAO) at /rhome/r/rpolic1/workspace/OR/Z5/Z2/main.c:106
#54 0x0000000000400dd8 in obuhvata (oblik1=0xffe809058, tip1=PRAVOUGAONIK, oblik2=0xffe809048, tip2=TROUGAO) at /rhome/r/rpolic1/workspace/OR/Z5/Z2/main.c:106
#55 0x0000000000400dd8 in obuhvata (oblik1=0xffe809268, tip1=PRAVOUGAONIK, oblik2=0xffe809258, tip2=TROUGAO) at /rhome/r/rpolic1/workspace/OR/Z5/Z2/main.c:106
#56 0x0000000000400dd8 in obuhvata (oblik1=0xffe809478, tip1=PRAVOUGAONIK, oblik2=0xffe809468, tip2=TROUGAO) at /rhome/r/rpolic1/workspace/OR/Z5/Z2/main.c:106
#57 0x0000000000400dd8 in obuhvata (oblik1=0xffe809688, tip1=PRAVOUGAONIK, oblik2=0xffe809678, tip2=TROUGAO) at /rhome/r/rpolic1/workspace/OR/Z5/Z2/main.c:106
#58 0x0000000000400dd8 in obuhvata (oblik1=0xffe809898, tip1=PRAVOUGAONIK, oblik2=0xffe809888, tip2=TROUGAO) at /rhome/r/rpolic1/workspace/OR/Z5/Z2/main.c:106
#59 0x0000000000400dd8 in obuhvata (oblik1=0xffe809aa8, tip1=PRAVOUGAONIK, oblik2=0xffe809a98, tip2=TROUGAO) at /rhome/r/rpolic1/workspace/OR/Z5/Z2/main.c:106
#60 0x0000000000400dd8 in obuhvata (oblik1=0xffe809cb8, tip1=PRAVOUGAONIK, oblik2=0xffe809ca8, tip2=TROUGAO) at /rhome/r/rpolic1/workspace/OR/Z5/Z2/main.c:106
#61 0x0000000000400dd8 in obuhvata (oblik1=0xffe809ec8, tip1=PRAVOUGAONIK, oblik2=0xffe809eb8, tip2=TROUGAO) at /rhome/r/rpolic1/workspace/OR/Z5/Z2/main.c:106
#62 0x0000000000400dd8 in obuhvata (oblik1=0xffe80a0d8, tip1=PRAVOUGAONIK, oblik2=0xffe80a0c8, tip2=TROUGAO) at /rhome/r/rpolic1/workspace/OR/Z5/Z2/main.c:106
#63 0x0000000000400dd8 in obuhvata (oblik1=0xffe80a2e8, tip1=PRAVOUGAONIK, oblik2=0xffe80a2d8, tip2=TROUGAO) at /rhome/r/rpolic1/workspace/OR/Z5/Z2/main.c:106
#64 0x0000000000400dd8 in obuhvata (oblik1=0xffe80a4f8, tip1=PRAVOUGAONIK, oblik2=0xffe80a4e8, tip2=TROUGAO) at /rhome/r/rpolic1/workspace/OR/Z5/Z2/main.c:106
#65 0x0000000000400dd8 in obuhvata (oblik1=0xffe80a708, tip1=PRAVOUGAONIK, oblik2=0xffe80a6f8, tip2=TROUGAO) at /rhome/r/rpolic1/workspace/OR/Z5/Z2/main.c:106
#66 0x0000000000400dd8 in obuhvata (oblik1=0xffe80a918, tip1=PRAVOUGAONIK, oblik2=0xffe80a908, tip2=TROUGAO) at /rhome/r/rpolic1/workspace/OR/Z5/Z2/main.c:106
#67 0x0000000000400dd8 in obuhvata (oblik1=0xffe80ab28, tip1=PRAVOUGAONIK, oblik2=0xffe80ab18, tip2=TROUGAO) at /rhome/r/rpolic1/workspace/OR/Z5/Z2/main.c:106
#68 0x0000000000400dd8 in obuhvata (oblik1=0xffe80ad38, tip1=PRAVOUGAONIK, oblik2=0xffe80ad28, tip2=TROUGAO) at /rhome/r/rpolic1/workspace/OR/Z5/Z2/main.c:106
#69 0x0000000000400dd8 in obuhvata (oblik1=0xffe80af48, tip1=PRAVOUGAONIK, oblik2=0xffe80af38, tip2=TROUGAO) at /rhome/r/rpolic1/workspace/OR/Z5/Z2/main.c:106
#70 0x0000000000400dd8 in obuhvata (oblik1=0xffe80b158, tip1=PRAVOUGAONIK, oblik2=0xffe80b148, tip2=TROUGAO) at /rhome/r/rpolic1/workspace/OR/Z5/Z2/main.c:106
#71 0x0000000000400dd8 in obuhvata (oblik1=0xffe80b368, tip1=PRAVOUGAONIK, oblik2=0xffe80b358, tip2=TROUGAO) at /rhome/r/rpolic1/workspace/OR/Z5/Z2/main.c:106
#72 0x0000000000400dd8 in obuhvata (oblik1=0xffe80b578, tip1=PRAVOUGAONIK, oblik2=0xffe80b568, tip2=TROUGAO) at /rhome/r/rpolic1/workspace/OR/Z5/Z2/main.c:106
#73 0x0000000000400dd8 in obuhvata (oblik1=0xffe80b788, tip1=PRAVOUGAONIK, oblik2=0xffe80b778, tip2=TROUGAO) at /rhome/r/rpolic1/workspace/OR/Z5/Z2/main.c:106
#74 0x0000000000400dd8 in obuhvata (oblik1=0xffe80b998, tip1=PRAVOUGAONIK, oblik2=0xffe80b988, tip2=TROUGAO) at /rhome/r/rpolic1/workspace/OR/Z5/Z2/main.c:106
#75 0x0000000000400dd8 in obuhvata (oblik1=0xffe80bba8, tip1=PRAVOUGAONIK, oblik2=0xffe80bb98, tip2=TROUGAO) at /rhome/r/rpolic1/workspace/OR/Z5/Z2/main.c:106
#76 0x0000000000400dd8 in obuhvata (oblik1=0xffe80bdb8, tip1=PRAVOUGAONIK, oblik2=0xffe80bda8, tip2=TROUGAO) at /rhome/r/rpolic1/workspace/OR/Z5/Z2/main.c:106
#77 0x0000000000400dd8 in obuhvata (oblik1=0xffe80bfc8, tip1=PRAVOUGAONIK, oblik2=0xffe80bfb8, tip2=TROUGAO) at /rhome/r/rpolic1/workspace/OR/Z5/Z2/main.c:106
#78 0x0000000000400dd8 in obuhvata (oblik1=0xffe80c1d8, tip1=PRAVOUGAONIK, oblik2=0xffe80c1c8, tip2=TROUGAO) at /rhome/r/rpolic1/workspace/OR/Z5/Z2/main.c:106
#79 0x0000000000400dd8 in obuhvata (oblik1=0xffe80c3e8, tip1=PRAVOUGAONIK, oblik2=0xffe80c3d8, tip2=TROUGAO) at /rhome/r/rpolic1/workspace/OR/Z5/Z2/main.c:106
#80 0x0000000000400dd8 in obuhvata (oblik1=0xffe80c5f8, tip1=PRAVOUGAONIK, oblik2=0xffe80c5e8, tip2=TROUGAO) at /rhome/r/rpolic1/workspace/OR/Z5/Z2/main.c:106
#81 0x0000000000400dd8 in obuhvata (oblik1=0xffe80c808, tip1=PRAVOUGAONIK, oblik2=0xffe80c7f8, tip2=TROUGAO) at /rhome/r/rpolic1/workspace/OR/Z5/Z2/main.c:106
#82 0x0000000000400dd8 in obuhvata (oblik1=0xffe80ca18, tip1=PRAVOUGAONIK, oblik2=0xffe80ca08, tip2=TROUGAO) at /rhome/r/rpolic1/workspace/OR/Z5/Z2/main.c:106
#83 0x0000000000400dd8 in obuhvata (oblik1=0xffe80cc28, tip1=PRAVOUGAONIK, oblik2=0xffe80cc18, tip2=TROUGAO) at /rhome/r/rpolic1/workspace/OR/Z5/Z2/main.c:106
#84 0x0000000000400dd8 in obuhvata (oblik1=0xffe80ce38, tip1=PRAVOUGAONIK, oblik2=0xffe80ce28, tip2=TROUGAO) at /rhome/r/rpolic1/workspace/OR/Z5/Z2/main.c:106
#85 0x0000000000400dd8 in obuhvata (oblik1=0xffe80d048, tip1=PRAVOUGAONIK, oblik2=0xffe80d038, tip2=TROUGAO) at /rhome/r/rpolic1/workspace/OR/Z5/Z2/main.c:106
#86 0x0000000000400dd8 in obuhvata (oblik1=0xffe80d258, tip1=PRAVOUGAONIK, oblik2=0xffe80d248, tip2=TROUGAO) at /rhome/r/rpolic1/workspace/OR/Z5/Z2/main.c:106
#87 0x0000000000400dd8 in obuhvata (oblik1=0xffe80d468, tip1=PRAVOUGAONIK, oblik2=0xffe80d458, tip2=TROUGAO) at /rhome/r/rpolic1/workspace/OR/Z5/Z2/main.c:106
#88 0x0000000000400dd8 in obuhvata (oblik1=0xffe80d678, tip1=PRAVOUGAONIK, oblik2=0xffe80d668, tip2=TROUGAO) at /rhome/r/rpolic1/workspace/OR/Z5/Z2/main.c:106
#89 0x0000000000400dd8 in obuhvata (oblik1=0xffe80d888, tip1=PRAVOUGAONIK, oblik2=0xffe80d878, tip2=TROUGAO) at /rhome/r/rpolic1/workspace/OR/Z5/Z2/main.c:106
#90 0x0000000000400dd8 in obuhvata (oblik1=0xffe80da98, tip1=PRAVOUGAONIK, oblik2=0xffe80da88, tip2=TROUGAO) at /rhome/r/rpolic1/workspace/OR/Z5/Z2/main.c:106
#91 0x0000000000400dd8 in obuhvata (oblik1=0xffe80dca8, tip1=PRAVOUGAONIK, oblik2=0xffe80dc98, tip2=TROUGAO) at /rhome/r/rpolic1/workspace/OR/Z5/Z2/main.c:106
#92 0x0000000000400dd8 in obuhvata (oblik1=0xffe80deb8, tip1=PRAVOUGAONIK, oblik2=0xffe80dea8, tip2=TROUGAO) at /rhome/r/rpolic1/workspace/OR/Z5/Z2/main.c:106
#93 0x0000000000400dd8 in obuhvata (oblik1=0xffe80e0c8, tip1=PRAVOUGAONIK, oblik2=0xffe80e0b8, tip2=TROUGAO) at /rhome/r/rpolic1/workspace/OR/Z5/Z2/main.c:106
#94 0x0000000000400dd8 in obuhvata (oblik1=0xffe80e2d8, tip1=PRAVOUGAONIK, oblik2=0xffe80e2c8, tip2=TROUGAO) at /rhome/r/rpolic1/workspace/OR/Z5/Z2/main.c:106
#95 0x0000000000400dd8 in obuhvata (oblik1=0xffe80e4e8, tip1=PRAVOUGAONIK, oblik2=0xffe80e4d8, tip2=TROUGAO) at /rhome/r/rpolic1/workspace/OR/Z5/Z2/main.c:106
#96 0x0000000000400dd8 in obuhvata (oblik1=0xffe80e6f8, tip1=PRAVOUGAONIK, oblik2=0xffe80e6e8, tip2=TROUGAO) at /rhome/r/rpolic1/workspace/OR/Z5/Z2/main.c:106
#97 0x0000000000400dd8 in obuhvata (oblik1=0xffe80e908, tip1=PRAVOUGAONIK, oblik2=0xffe80e8f8, tip2=TROUGAO) at /rhome/r/rpolic1/workspace/OR/Z5/Z2/main.c:106
#98 0x0000000000400dd8 in obuhvata (oblik1=0xffe80eb18, tip1=PRAVOUGAONIK, oblik2=0xffe80eb08, tip2=TROUGAO) at /rhome/r/rpolic1/workspace/OR/Z5/Z2/main.c:106
#99 0x0000000000400dd8 in obuhvata (oblik1=0xffe80ed28, tip1=PRAVOUGAONIK, oblik2=0xffe80ed18, tip2=TROUGAO) at /rhome/r/rpolic1/workspace/OR/Z5/Z2/main.c:106
