[New LWP 27880]
Core was generated by `'.
Program terminated with signal SIGSEGV, Segmentation fault.
#0  0x00000000004005a5 in faktorijel (n=<error reading variable: Cannot access memory at address 0xffe801ff8>) at /rhome/r/rpolic1/workspace/OR/T7/Z2/main.c:4
4	double faktorijel(double n) {
#0  0x00000000004005a5 in faktorijel (n=<error reading variable: Cannot access memory at address 0xffe801ff8>) at /rhome/r/rpolic1/workspace/OR/T7/Z2/main.c:4
#1  0x00000000004005ea in faktorijel (n=-261959) at /rhome/r/rpolic1/workspace/OR/T7/Z2/main.c:8
#2  0x00000000004005ea in faktorijel (n=-261958) at /rhome/r/rpolic1/workspace/OR/T7/Z2/main.c:8
#3  0x00000000004005ea in faktorijel (n=-261957) at /rhome/r/rpolic1/workspace/OR/T7/Z2/main.c:8
#4  0x00000000004005ea in faktorijel (n=-261956) at /rhome/r/rpolic1/workspace/OR/T7/Z2/main.c:8
#5  0x00000000004005ea in faktorijel (n=-261955) at /rhome/r/rpolic1/workspace/OR/T7/Z2/main.c:8
#6  0x00000000004005ea in faktorijel (n=-261954) at /rhome/r/rpolic1/workspace/OR/T7/Z2/main.c:8
#7  0x00000000004005ea in faktorijel (n=-261953) at /rhome/r/rpolic1/workspace/OR/T7/Z2/main.c:8
#8  0x00000000004005ea in faktorijel (n=-261952) at /rhome/r/rpolic1/workspace/OR/T7/Z2/main.c:8
#9  0x00000000004005ea in faktorijel (n=-261951) at /rhome/r/rpolic1/workspace/OR/T7/Z2/main.c:8
#10 0x00000000004005ea in faktorijel (n=-261950) at /rhome/r/rpolic1/workspace/OR/T7/Z2/main.c:8
#11 0x00000000004005ea in faktorijel (n=-261949) at /rhome/r/rpolic1/workspace/OR/T7/Z2/main.c:8
#12 0x00000000004005ea in faktorijel (n=-261948) at /rhome/r/rpolic1/workspace/OR/T7/Z2/main.c:8
#13 0x00000000004005ea in faktorijel (n=-261947) at /rhome/r/rpolic1/workspace/OR/T7/Z2/main.c:8
#14 0x00000000004005ea in faktorijel (n=-261946) at /rhome/r/rpolic1/workspace/OR/T7/Z2/main.c:8
#15 0x00000000004005ea in faktorijel (n=-261945) at /rhome/r/rpolic1/workspace/OR/T7/Z2/main.c:8
#16 0x00000000004005ea in faktorijel (n=-261944) at /rhome/r/rpolic1/workspace/OR/T7/Z2/main.c:8
#17 0x00000000004005ea in faktorijel (n=-261943) at /rhome/r/rpolic1/workspace/OR/T7/Z2/main.c:8
#18 0x00000000004005ea in faktorijel (n=-261942) at /rhome/r/rpolic1/workspace/OR/T7/Z2/main.c:8
#19 0x00000000004005ea in faktorijel (n=-261941) at /rhome/r/rpolic1/workspace/OR/T7/Z2/main.c:8
#20 0x00000000004005ea in faktorijel (n=-261940) at /rhome/r/rpolic1/workspace/OR/T7/Z2/main.c:8
#21 0x00000000004005ea in faktorijel (n=-261939) at /rhome/r/rpolic1/workspace/OR/T7/Z2/main.c:8
#22 0x00000000004005ea in faktorijel (n=-261938) at /rhome/r/rpolic1/workspace/OR/T7/Z2/main.c:8
#23 0x00000000004005ea in faktorijel (n=-261937) at /rhome/r/rpolic1/workspace/OR/T7/Z2/main.c:8
#24 0x00000000004005ea in faktorijel (n=-261936) at /rhome/r/rpolic1/workspace/OR/T7/Z2/main.c:8
#25 0x00000000004005ea in faktorijel (n=-261935) at /rhome/r/rpolic1/workspace/OR/T7/Z2/main.c:8
#26 0x00000000004005ea in faktorijel (n=-261934) at /rhome/r/rpolic1/workspace/OR/T7/Z2/main.c:8
#27 0x00000000004005ea in faktorijel (n=-261933) at /rhome/r/rpolic1/workspace/OR/T7/Z2/main.c:8
#28 0x00000000004005ea in faktorijel (n=-261932) at /rhome/r/rpolic1/workspace/OR/T7/Z2/main.c:8
#29 0x00000000004005ea in faktorijel (n=-261931) at /rhome/r/rpolic1/workspace/OR/T7/Z2/main.c:8
#30 0x00000000004005ea in faktorijel (n=-261930) at /rhome/r/rpolic1/workspace/OR/T7/Z2/main.c:8
#31 0x00000000004005ea in faktorijel (n=-261929) at /rhome/r/rpolic1/workspace/OR/T7/Z2/main.c:8
#32 0x00000000004005ea in faktorijel (n=-261928) at /rhome/r/rpolic1/workspace/OR/T7/Z2/main.c:8
#33 0x00000000004005ea in faktorijel (n=-261927) at /rhome/r/rpolic1/workspace/OR/T7/Z2/main.c:8
#34 0x00000000004005ea in faktorijel (n=-261926) at /rhome/r/rpolic1/workspace/OR/T7/Z2/main.c:8
#35 0x00000000004005ea in faktorijel (n=-261925) at /rhome/r/rpolic1/workspace/OR/T7/Z2/main.c:8
#36 0x00000000004005ea in faktorijel (n=-261924) at /rhome/r/rpolic1/workspace/OR/T7/Z2/main.c:8
#37 0x00000000004005ea in faktorijel (n=-261923) at /rhome/r/rpolic1/workspace/OR/T7/Z2/main.c:8
#38 0x00000000004005ea in faktorijel (n=-261922) at /rhome/r/rpolic1/workspace/OR/T7/Z2/main.c:8
#39 0x00000000004005ea in faktorijel (n=-261921) at /rhome/r/rpolic1/workspace/OR/T7/Z2/main.c:8
#40 0x00000000004005ea in faktorijel (n=-261920) at /rhome/r/rpolic1/workspace/OR/T7/Z2/main.c:8
#41 0x00000000004005ea in faktorijel (n=-261919) at /rhome/r/rpolic1/workspace/OR/T7/Z2/main.c:8
#42 0x00000000004005ea in faktorijel (n=-261918) at /rhome/r/rpolic1/workspace/OR/T7/Z2/main.c:8
#43 0x00000000004005ea in faktorijel (n=-261917) at /rhome/r/rpolic1/workspace/OR/T7/Z2/main.c:8
#44 0x00000000004005ea in faktorijel (n=-261916) at /rhome/r/rpolic1/workspace/OR/T7/Z2/main.c:8
#45 0x00000000004005ea in faktorijel (n=-261915) at /rhome/r/rpolic1/workspace/OR/T7/Z2/main.c:8
#46 0x00000000004005ea in faktorijel (n=-261914) at /rhome/r/rpolic1/workspace/OR/T7/Z2/main.c:8
#47 0x00000000004005ea in faktorijel (n=-261913) at /rhome/r/rpolic1/workspace/OR/T7/Z2/main.c:8
#48 0x00000000004005ea in faktorijel (n=-261912) at /rhome/r/rpolic1/workspace/OR/T7/Z2/main.c:8
#49 0x00000000004005ea in faktorijel (n=-261911) at /rhome/r/rpolic1/workspace/OR/T7/Z2/main.c:8
#50 0x00000000004005ea in faktorijel (n=-261910) at /rhome/r/rpolic1/workspace/OR/T7/Z2/main.c:8
#51 0x00000000004005ea in faktorijel (n=-261909) at /rhome/r/rpolic1/workspace/OR/T7/Z2/main.c:8
#52 0x00000000004005ea in faktorijel (n=-261908) at /rhome/r/rpolic1/workspace/OR/T7/Z2/main.c:8
#53 0x00000000004005ea in faktorijel (n=-261907) at /rhome/r/rpolic1/workspace/OR/T7/Z2/main.c:8
#54 0x00000000004005ea in faktorijel (n=-261906) at /rhome/r/rpolic1/workspace/OR/T7/Z2/main.c:8
#55 0x00000000004005ea in faktorijel (n=-261905) at /rhome/r/rpolic1/workspace/OR/T7/Z2/main.c:8
#56 0x00000000004005ea in faktorijel (n=-261904) at /rhome/r/rpolic1/workspace/OR/T7/Z2/main.c:8
#57 0x00000000004005ea in faktorijel (n=-261903) at /rhome/r/rpolic1/workspace/OR/T7/Z2/main.c:8
#58 0x00000000004005ea in faktorijel (n=-261902) at /rhome/r/rpolic1/workspace/OR/T7/Z2/main.c:8
#59 0x00000000004005ea in faktorijel (n=-261901) at /rhome/r/rpolic1/workspace/OR/T7/Z2/main.c:8
#60 0x00000000004005ea in faktorijel (n=-261900) at /rhome/r/rpolic1/workspace/OR/T7/Z2/main.c:8
#61 0x00000000004005ea in faktorijel (n=-261899) at /rhome/r/rpolic1/workspace/OR/T7/Z2/main.c:8
#62 0x00000000004005ea in faktorijel (n=-261898) at /rhome/r/rpolic1/workspace/OR/T7/Z2/main.c:8
#63 0x00000000004005ea in faktorijel (n=-261897) at /rhome/r/rpolic1/workspace/OR/T7/Z2/main.c:8
#64 0x00000000004005ea in faktorijel (n=-261896) at /rhome/r/rpolic1/workspace/OR/T7/Z2/main.c:8
#65 0x00000000004005ea in faktorijel (n=-261895) at /rhome/r/rpolic1/workspace/OR/T7/Z2/main.c:8
#66 0x00000000004005ea in faktorijel (n=-261894) at /rhome/r/rpolic1/workspace/OR/T7/Z2/main.c:8
#67 0x00000000004005ea in faktorijel (n=-261893) at /rhome/r/rpolic1/workspace/OR/T7/Z2/main.c:8
#68 0x00000000004005ea in faktorijel (n=-261892) at /rhome/r/rpolic1/workspace/OR/T7/Z2/main.c:8
#69 0x00000000004005ea in faktorijel (n=-261891) at /rhome/r/rpolic1/workspace/OR/T7/Z2/main.c:8
#70 0x00000000004005ea in faktorijel (n=-261890) at /rhome/r/rpolic1/workspace/OR/T7/Z2/main.c:8
#71 0x00000000004005ea in faktorijel (n=-261889) at /rhome/r/rpolic1/workspace/OR/T7/Z2/main.c:8
#72 0x00000000004005ea in faktorijel (n=-261888) at /rhome/r/rpolic1/workspace/OR/T7/Z2/main.c:8
#73 0x00000000004005ea in faktorijel (n=-261887) at /rhome/r/rpolic1/workspace/OR/T7/Z2/main.c:8
#74 0x00000000004005ea in faktorijel (n=-261886) at /rhome/r/rpolic1/workspace/OR/T7/Z2/main.c:8
#75 0x00000000004005ea in faktorijel (n=-261885) at /rhome/r/rpolic1/workspace/OR/T7/Z2/main.c:8
#76 0x00000000004005ea in faktorijel (n=-261884) at /rhome/r/rpolic1/workspace/OR/T7/Z2/main.c:8
#77 0x00000000004005ea in faktorijel (n=-261883) at /rhome/r/rpolic1/workspace/OR/T7/Z2/main.c:8
#78 0x00000000004005ea in faktorijel (n=-261882) at /rhome/r/rpolic1/workspace/OR/T7/Z2/main.c:8
#79 0x00000000004005ea in faktorijel (n=-261881) at /rhome/r/rpolic1/workspace/OR/T7/Z2/main.c:8
#80 0x00000000004005ea in faktorijel (n=-261880) at /rhome/r/rpolic1/workspace/OR/T7/Z2/main.c:8
#81 0x00000000004005ea in faktorijel (n=-261879) at /rhome/r/rpolic1/workspace/OR/T7/Z2/main.c:8
#82 0x00000000004005ea in faktorijel (n=-261878) at /rhome/r/rpolic1/workspace/OR/T7/Z2/main.c:8
#83 0x00000000004005ea in faktorijel (n=-261877) at /rhome/r/rpolic1/workspace/OR/T7/Z2/main.c:8
#84 0x00000000004005ea in faktorijel (n=-261876) at /rhome/r/rpolic1/workspace/OR/T7/Z2/main.c:8
#85 0x00000000004005ea in faktorijel (n=-261875) at /rhome/r/rpolic1/workspace/OR/T7/Z2/main.c:8
#86 0x00000000004005ea in faktorijel (n=-261874) at /rhome/r/rpolic1/workspace/OR/T7/Z2/main.c:8
#87 0x00000000004005ea in faktorijel (n=-261873) at /rhome/r/rpolic1/workspace/OR/T7/Z2/main.c:8
#88 0x00000000004005ea in faktorijel (n=-261872) at /rhome/r/rpolic1/workspace/OR/T7/Z2/main.c:8
#89 0x00000000004005ea in faktorijel (n=-261871) at /rhome/r/rpolic1/workspace/OR/T7/Z2/main.c:8
#90 0x00000000004005ea in faktorijel (n=-261870) at /rhome/r/rpolic1/workspace/OR/T7/Z2/main.c:8
#91 0x00000000004005ea in faktorijel (n=-261869) at /rhome/r/rpolic1/workspace/OR/T7/Z2/main.c:8
#92 0x00000000004005ea in faktorijel (n=-261868) at /rhome/r/rpolic1/workspace/OR/T7/Z2/main.c:8
#93 0x00000000004005ea in faktorijel (n=-261867) at /rhome/r/rpolic1/workspace/OR/T7/Z2/main.c:8
#94 0x00000000004005ea in faktorijel (n=-261866) at /rhome/r/rpolic1/workspace/OR/T7/Z2/main.c:8
#95 0x00000000004005ea in faktorijel (n=-261865) at /rhome/r/rpolic1/workspace/OR/T7/Z2/main.c:8
#96 0x00000000004005ea in faktorijel (n=-261864) at /rhome/r/rpolic1/workspace/OR/T7/Z2/main.c:8
#97 0x00000000004005ea in faktorijel (n=-261863) at /rhome/r/rpolic1/workspace/OR/T7/Z2/main.c:8
#98 0x00000000004005ea in faktorijel (n=-261862) at /rhome/r/rpolic1/workspace/OR/T7/Z2/main.c:8
#99 0x00000000004005ea in faktorijel (n=-261861) at /rhome/r/rpolic1/workspace/OR/T7/Z2/main.c:8
