==29677== Memcheck, a memory error detector
==29677== Copyright (C) 2002-2013, and GNU GPL'd, by Julian Seward et al.
==29677== Using Valgrind-3.10.1 and LibVEX; rerun with -h for copyright info
==29677== Command: /rhome/r/rpolic1/workspace/TP/Z3/Z2/.runme
==29677== Parent PID: 29662
==29677== 
==29677== 
==29677== HEAP SUMMARY:
==29677==     in use at exit: 3,072 bytes in 2 blocks
==29677==   total heap usage: 9 allocs, 7 frees, 4,088 bytes allocated
==29677== 
==29677== LEAK SUMMARY:
==29677==    definitely lost: 0 bytes in 0 blocks
==29677==    indirectly lost: 0 bytes in 0 blocks
==29677==      possibly lost: 0 bytes in 0 blocks
==29677==    still reachable: 3,072 bytes in 2 blocks
==29677==         suppressed: 0 bytes in 0 blocks
==29677== Reachable blocks (those to which a pointer was found) are not shown.
==29677== To see them, rerun with: --leak-check=full --show-leak-kinds=all
==29677== 
==29677== For counts of detected and suppressed errors, rerun with: -v
==29677== ERROR SUMMARY: 0 errors from 0 contexts (suppressed: 0 from 0)
