==25222== Memcheck, a memory error detector
==25222== Copyright (C) 2002-2013, and GNU GPL'd, by Julian Seward et al.
==25222== Using Valgrind-3.10.1 and LibVEX; rerun with -h for copyright info
==25222== Command: /rhome/r/rpolic1/workspace/TP/Z6/Z4/.runme
==25222== Parent PID: 25214
==25222== 
==25222== 
==25222== HEAP SUMMARY:
==25222==     in use at exit: 908 bytes in 28 blocks
==25222==   total heap usage: 28 allocs, 0 frees, 908 bytes allocated
==25222== 
==25222== LEAK SUMMARY:
==25222==    definitely lost: 0 bytes in 0 blocks
==25222==    indirectly lost: 0 bytes in 0 blocks
==25222==      possibly lost: 0 bytes in 0 blocks
==25222==    still reachable: 908 bytes in 28 blocks
==25222==         suppressed: 0 bytes in 0 blocks
==25222== Reachable blocks (those to which a pointer was found) are not shown.
==25222== To see them, rerun with: --leak-check=full --show-leak-kinds=all
==25222== 
==25222== For counts of detected and suppressed errors, rerun with: -v
==25222== ERROR SUMMARY: 0 errors from 0 contexts (suppressed: 0 from 0)
