==2332== Memcheck, a memory error detector
==2332== Copyright (C) 2002-2013, and GNU GPL'd, by Julian Seward et al.
==2332== Using Valgrind-3.10.1 and LibVEX; rerun with -h for copyright info
==2332== Command: /rhome/r/rpolic1/workspace/TP/Z1/Z3/.runme
==2332== Parent PID: 2312
==2332== 
==2332== Conditional jump or move depends on uninitialised value(s)
==2332==    at 0x40111B: main (main.cpp:73)
==2332== 
==2332== 
==2332== HEAP SUMMARY:
==2332==     in use at exit: 8,192 bytes in 1 blocks
==2332==   total heap usage: 12 allocs, 11 frees, 16,380 bytes allocated
==2332== 
==2332== LEAK SUMMARY:
==2332==    definitely lost: 0 bytes in 0 blocks
==2332==    indirectly lost: 0 bytes in 0 blocks
==2332==      possibly lost: 0 bytes in 0 blocks
==2332==    still reachable: 8,192 bytes in 1 blocks
==2332==         suppressed: 0 bytes in 0 blocks
==2332== Reachable blocks (those to which a pointer was found) are not shown.
==2332== To see them, rerun with: --leak-check=full --show-leak-kinds=all
==2332== 
==2332== For counts of detected and suppressed errors, rerun with: -v
==2332== Use --track-origins=yes to see where uninitialised values come from
==2332== ERROR SUMMARY: 1132 errors from 1 contexts (suppressed: 0 from 0)
