==22946== Memcheck, a memory error detector
==22946== Copyright (C) 2002-2013, and GNU GPL'd, by Julian Seward et al.
==22946== Using Valgrind-3.10.1 and LibVEX; rerun with -h for copyright info
==22946== Command: /rhome/r/rpolic1/workspace/TP/Z5/Z4/.runme
==22946== Parent PID: 22928
==22946== 
==22946== Conditional jump or move depends on uninitialised value(s)
==22946==    at 0x4017ED: FourierovRed::IsprazniMemoriju() (main.cpp:102)
==22946==    by 0x4021E9: FourierovRed::FourierovRed(FourierovRed&&) (main.cpp:176)
==22946==    by 0x402A33: main (main.cpp:262)
==22946== 
==22946== Conditional jump or move depends on uninitialised value(s)
==22946==    at 0x4C2BDA2: free (in /usr/lib/valgrind/vgpreload_memcheck-amd64-linux.so)
==22946==    by 0x4017A0: operator delete[](void*) (main.cpp:24)
==22946==    by 0x4017FE: FourierovRed::IsprazniMemoriju() (main.cpp:102)
==22946==    by 0x4021E9: FourierovRed::FourierovRed(FourierovRed&&) (main.cpp:176)
==22946==    by 0x402A33: main (main.cpp:262)
==22946== 
==22946== Invalid free() / delete / delete[] / realloc()
==22946==    at 0x4C2BDEC: free (in /usr/lib/valgrind/vgpreload_memcheck-amd64-linux.so)
==22946==    by 0x4017A0: operator delete[](void*) (main.cpp:24)
==22946==    by 0x4017FE: FourierovRed::IsprazniMemoriju() (main.cpp:102)
==22946==    by 0x4021E9: FourierovRed::FourierovRed(FourierovRed&&) (main.cpp:176)
==22946==    by 0x402A33: main (main.cpp:262)
==22946==  Address 0x606160 is in the Data segment of /rhome/r/rpolic1/workspace/TP/Z5/Z4/.runme
==22946== 
==22946== Conditional jump or move depends on uninitialised value(s)
==22946==    at 0x401816: FourierovRed::IsprazniMemoriju() (main.cpp:103)
==22946==    by 0x4021E9: FourierovRed::FourierovRed(FourierovRed&&) (main.cpp:176)
==22946==    by 0x402A33: main (main.cpp:262)
==22946== 
==22946== Conditional jump or move depends on uninitialised value(s)
==22946==    at 0x4C2BDA2: free (in /usr/lib/valgrind/vgpreload_memcheck-amd64-linux.so)
==22946==    by 0x4017A0: operator delete[](void*) (main.cpp:24)
==22946==    by 0x401827: FourierovRed::IsprazniMemoriju() (main.cpp:103)
==22946==    by 0x4021E9: FourierovRed::FourierovRed(FourierovRed&&) (main.cpp:176)
==22946==    by 0x402A33: main (main.cpp:262)
==22946== 
==22946== Invalid free() / delete / delete[] / realloc()
==22946==    at 0x4C2BDEC: free (in /usr/lib/valgrind/vgpreload_memcheck-amd64-linux.so)
==22946==    by 0x4017A0: operator delete[](void*) (main.cpp:24)
==22946==    by 0x401827: FourierovRed::IsprazniMemoriju() (main.cpp:103)
==22946==    by 0x4021E9: FourierovRed::FourierovRed(FourierovRed&&) (main.cpp:176)
==22946==    by 0x402A33: main (main.cpp:262)
==22946==  Address 0x56934d9 is in the Text segment of /lib/x86_64-linux-gnu/libc-2.19.so
==22946==    at 0x56934D9: __internal_atexit (cxa_atexit.c:37)
==22946==    by 0x56934D9: __cxa_atexit (cxa_atexit.c:58)
==22946== 
==22946== 
==22946== HEAP SUMMARY:
==22946==     in use at exit: 186 bytes in 2 blocks
==22946==   total heap usage: 9 allocs, 9 frees, 1,082 bytes allocated
==22946== 
==22946== 42 bytes in 1 blocks are possibly lost in loss record 1 of 2
==22946==    at 0x4C2B0E0: operator new(unsigned long) (in /usr/lib/valgrind/vgpreload_memcheck-amd64-linux.so)
==22946==    by 0x4EF1248: std::string::_Rep::_S_create(unsigned long, unsigned long, std::allocator<char> const&) (in /usr/lib/x86_64-linux-gnu/libstdc++.so.6.0.19)
==22946==    by 0x4EF2970: char* std::string::_S_construct<char const*>(char const*, char const*, std::allocator<char> const&, std::forward_iterator_tag) (in /usr/lib/x86_64-linux-gnu/libstdc++.so.6.0.19)
==22946==    by 0x4EF2D87: std::basic_string<char, std::char_traits<char>, std::allocator<char> >::basic_string(char const*, std::allocator<char> const&) (in /usr/lib/x86_64-linux-gnu/libstdc++.so.6.0.19)
==22946==    by 0x402516: FourierovRed::operator[](int) (main.cpp:198)
==22946==    by 0x402AC7: main (main.cpp:268)
==22946== 
==22946== 144 bytes in 1 blocks are possibly lost in loss record 2 of 2
==22946==    at 0x4C2AB80: malloc (in /usr/lib/valgrind/vgpreload_memcheck-amd64-linux.so)
==22946==    by 0x4E94382: __cxa_allocate_exception (in /usr/lib/x86_64-linux-gnu/libstdc++.so.6.0.19)
==22946==    by 0x4024F2: FourierovRed::operator[](int) (main.cpp:198)
==22946==    by 0x402AC7: main (main.cpp:268)
==22946== 
==22946== LEAK SUMMARY:
==22946==    definitely lost: 0 bytes in 0 blocks
==22946==    indirectly lost: 0 bytes in 0 blocks
==22946==      possibly lost: 186 bytes in 2 blocks
==22946==    still reachable: 0 bytes in 0 blocks
==22946==         suppressed: 0 bytes in 0 blocks
==22946== 
==22946== For counts of detected and suppressed errors, rerun with: -v
==22946== Use --track-origins=yes to see where uninitialised values come from
==22946== ERROR SUMMARY: 8 errors from 8 contexts (suppressed: 0 from 0)
