==26317== Memcheck, a memory error detector
==26317== Copyright (C) 2002-2013, and GNU GPL'd, by Julian Seward et al.
==26317== Using Valgrind-3.10.1 and LibVEX; rerun with -h for copyright info
==26317== Command: /rhome/r/rpolic1/workspace/TP/Z6/Z3/.runme
==26317== Parent PID: 26310
==26317== 
==26317== Syscall param write(buf) points to uninitialised byte(s)
==26317==    at 0x543C870: __write_nocancel (syscall-template.S:81)
==26317==    by 0x4EB28D5: ??? (in /usr/lib/x86_64-linux-gnu/libstdc++.so.6.0.19)
==26317==    by 0x4EEAA77: std::basic_filebuf<char, std::char_traits<char> >::_M_convert_to_external(char*, long) (in /usr/lib/x86_64-linux-gnu/libstdc++.so.6.0.19)
==26317==    by 0x4EEB4D2: std::basic_filebuf<char, std::char_traits<char> >::overflow(int) (in /usr/lib/x86_64-linux-gnu/libstdc++.so.6.0.19)
==26317==    by 0x4EEACA2: std::basic_filebuf<char, std::char_traits<char> >::_M_terminate_output() (in /usr/lib/x86_64-linux-gnu/libstdc++.so.6.0.19)
==26317==    by 0x4EEAD4A: std::basic_filebuf<char, std::char_traits<char> >::close() (in /usr/lib/x86_64-linux-gnu/libstdc++.so.6.0.19)
==26317==    by 0x4EEAFE4: std::basic_ofstream<char, std::char_traits<char> >::~basic_ofstream() (in /usr/lib/x86_64-linux-gnu/libstdc++.so.6.0.19)
==26317==    by 0x401E02: Matrica<int>::SacuvajUBinarnuDatoteku(std::string const&) (main.cpp:364)
==26317==    by 0x40198D: main (main.cpp:456)
==26317==  Address 0x5a1c431 is 17 bytes inside a block of size 8,192 alloc'd
==26317==    at 0x4C2B800: operator new[](unsigned long) (in /usr/lib/valgrind/vgpreload_memcheck-amd64-linux.so)
==26317==    by 0x4EEA8AB: std::basic_filebuf<char, std::char_traits<char> >::_M_allocate_internal_buffer() (in /usr/lib/x86_64-linux-gnu/libstdc++.so.6.0.19)
==26317==    by 0x4EEAEC1: std::basic_filebuf<char, std::char_traits<char> >::open(char const*, std::_Ios_Openmode) (in /usr/lib/x86_64-linux-gnu/libstdc++.so.6.0.19)
==26317==    by 0x4EEC978: std::basic_ofstream<char, std::char_traits<char> >::basic_ofstream(std::string const&, std::_Ios_Openmode) (in /usr/lib/x86_64-linux-gnu/libstdc++.so.6.0.19)
==26317==    by 0x401CA6: Matrica<int>::SacuvajUBinarnuDatoteku(std::string const&) (main.cpp:357)
==26317==    by 0x40198D: main (main.cpp:456)
==26317== 
==26317== 
==26317== HEAP SUMMARY:
==26317==     in use at exit: 0 bytes in 0 blocks
==26317==   total heap usage: 12 allocs, 12 frees, 17,658 bytes allocated
==26317== 
==26317== All heap blocks were freed -- no leaks are possible
==26317== 
==26317== For counts of detected and suppressed errors, rerun with: -v
==26317== Use --track-origins=yes to see where uninitialised values come from
==26317== ERROR SUMMARY: 1 errors from 1 contexts (suppressed: 0 from 0)
