==6156== Memcheck, a memory error detector
==6156== Copyright (C) 2002-2013, and GNU GPL'd, by Julian Seward et al.
==6156== Using Valgrind-3.10.1 and LibVEX; rerun with -h for copyright info
==6156== Command: /rhome/r/rpolic1/workspace/OR/T6/Z7/.runme
==6156== Parent PID: 6145
==6156== 
==6156== Conditional jump or move depends on uninitialised value(s)
==6156==    at 0x400711: main (main.c:15)
==6156== 
==6156== Conditional jump or move depends on uninitialised value(s)
==6156==    at 0x40077F: main (main.c:19)
==6156== 
==6156== 
==6156== HEAP SUMMARY:
==6156==     in use at exit: 0 bytes in 0 blocks
==6156==   total heap usage: 0 allocs, 0 frees, 0 bytes allocated
==6156== 
==6156== All heap blocks were freed -- no leaks are possible
==6156== 
==6156== For counts of detected and suppressed errors, rerun with: -v
==6156== Use --track-origins=yes to see where uninitialised values come from
==6156== ERROR SUMMARY: 2 errors from 2 contexts (suppressed: 0 from 0)
