[New LWP 23900]
Core was generated by `'.
Program terminated with signal SIGSEGV, Segmentation fault.
#0  0x00000000004014ef in fTroficfren (num=@0x5a1c0c0: 1) at /rhome/r/rpolic1/workspace/TP/T5/Z4/main.cpp:16
16		return !fTroficfren(num); 
#0  0x00000000004014ef in fTroficfren (num=@0x5a1c0c0: 1) at /rhome/r/rpolic1/workspace/TP/T5/Z4/main.cpp:16
#1  0x00000000004014f4 in fTroficfren (num=@0x5a1c0c0: 1) at /rhome/r/rpolic1/workspace/TP/T5/Z4/main.cpp:16
#2  0x00000000004014f4 in fTroficfren (num=@0x5a1c0c0: 1) at /rhome/r/rpolic1/workspace/TP/T5/Z4/main.cpp:16
#3  0x00000000004014f4 in fTroficfren (num=@0x5a1c0c0: 1) at /rhome/r/rpolic1/workspace/TP/T5/Z4/main.cpp:16
#4  0x00000000004014f4 in fTroficfren (num=@0x5a1c0c0: 1) at /rhome/r/rpolic1/workspace/TP/T5/Z4/main.cpp:16
#5  0x00000000004014f4 in fTroficfren (num=@0x5a1c0c0: 1) at /rhome/r/rpolic1/workspace/TP/T5/Z4/main.cpp:16
#6  0x00000000004014f4 in fTroficfren (num=@0x5a1c0c0: 1) at /rhome/r/rpolic1/workspace/TP/T5/Z4/main.cpp:16
#7  0x00000000004014f4 in fTroficfren (num=@0x5a1c0c0: 1) at /rhome/r/rpolic1/workspace/TP/T5/Z4/main.cpp:16
#8  0x00000000004014f4 in fTroficfren (num=@0x5a1c0c0: 1) at /rhome/r/rpolic1/workspace/TP/T5/Z4/main.cpp:16
#9  0x00000000004014f4 in fTroficfren (num=@0x5a1c0c0: 1) at /rhome/r/rpolic1/workspace/TP/T5/Z4/main.cpp:16
#10 0x00000000004014f4 in fTroficfren (num=@0x5a1c0c0: 1) at /rhome/r/rpolic1/workspace/TP/T5/Z4/main.cpp:16
#11 0x00000000004014f4 in fTroficfren (num=@0x5a1c0c0: 1) at /rhome/r/rpolic1/workspace/TP/T5/Z4/main.cpp:16
#12 0x00000000004014f4 in fTroficfren (num=@0x5a1c0c0: 1) at /rhome/r/rpolic1/workspace/TP/T5/Z4/main.cpp:16
#13 0x00000000004014f4 in fTroficfren (num=@0x5a1c0c0: 1) at /rhome/r/rpolic1/workspace/TP/T5/Z4/main.cpp:16
#14 0x00000000004014f4 in fTroficfren (num=@0x5a1c0c0: 1) at /rhome/r/rpolic1/workspace/TP/T5/Z4/main.cpp:16
#15 0x00000000004014f4 in fTroficfren (num=@0x5a1c0c0: 1) at /rhome/r/rpolic1/workspace/TP/T5/Z4/main.cpp:16
#16 0x00000000004014f4 in fTroficfren (num=@0x5a1c0c0: 1) at /rhome/r/rpolic1/workspace/TP/T5/Z4/main.cpp:16
#17 0x00000000004014f4 in fTroficfren (num=@0x5a1c0c0: 1) at /rhome/r/rpolic1/workspace/TP/T5/Z4/main.cpp:16
#18 0x00000000004014f4 in fTroficfren (num=@0x5a1c0c0: 1) at /rhome/r/rpolic1/workspace/TP/T5/Z4/main.cpp:16
#19 0x00000000004014f4 in fTroficfren (num=@0x5a1c0c0: 1) at /rhome/r/rpolic1/workspace/TP/T5/Z4/main.cpp:16
#20 0x00000000004014f4 in fTroficfren (num=@0x5a1c0c0: 1) at /rhome/r/rpolic1/workspace/TP/T5/Z4/main.cpp:16
#21 0x00000000004014f4 in fTroficfren (num=@0x5a1c0c0: 1) at /rhome/r/rpolic1/workspace/TP/T5/Z4/main.cpp:16
#22 0x00000000004014f4 in fTroficfren (num=@0x5a1c0c0: 1) at /rhome/r/rpolic1/workspace/TP/T5/Z4/main.cpp:16
#23 0x00000000004014f4 in fTroficfren (num=@0x5a1c0c0: 1) at /rhome/r/rpolic1/workspace/TP/T5/Z4/main.cpp:16
#24 0x00000000004014f4 in fTroficfren (num=@0x5a1c0c0: 1) at /rhome/r/rpolic1/workspace/TP/T5/Z4/main.cpp:16
#25 0x00000000004014f4 in fTroficfren (num=@0x5a1c0c0: 1) at /rhome/r/rpolic1/workspace/TP/T5/Z4/main.cpp:16
#26 0x00000000004014f4 in fTroficfren (num=@0x5a1c0c0: 1) at /rhome/r/rpolic1/workspace/TP/T5/Z4/main.cpp:16
#27 0x00000000004014f4 in fTroficfren (num=@0x5a1c0c0: 1) at /rhome/r/rpolic1/workspace/TP/T5/Z4/main.cpp:16
#28 0x00000000004014f4 in fTroficfren (num=@0x5a1c0c0: 1) at /rhome/r/rpolic1/workspace/TP/T5/Z4/main.cpp:16
#29 0x00000000004014f4 in fTroficfren (num=@0x5a1c0c0: 1) at /rhome/r/rpolic1/workspace/TP/T5/Z4/main.cpp:16
#30 0x00000000004014f4 in fTroficfren (num=@0x5a1c0c0: 1) at /rhome/r/rpolic1/workspace/TP/T5/Z4/main.cpp:16
#31 0x00000000004014f4 in fTroficfren (num=@0x5a1c0c0: 1) at /rhome/r/rpolic1/workspace/TP/T5/Z4/main.cpp:16
#32 0x00000000004014f4 in fTroficfren (num=@0x5a1c0c0: 1) at /rhome/r/rpolic1/workspace/TP/T5/Z4/main.cpp:16
#33 0x00000000004014f4 in fTroficfren (num=@0x5a1c0c0: 1) at /rhome/r/rpolic1/workspace/TP/T5/Z4/main.cpp:16
#34 0x00000000004014f4 in fTroficfren (num=@0x5a1c0c0: 1) at /rhome/r/rpolic1/workspace/TP/T5/Z4/main.cpp:16
#35 0x00000000004014f4 in fTroficfren (num=@0x5a1c0c0: 1) at /rhome/r/rpolic1/workspace/TP/T5/Z4/main.cpp:16
#36 0x00000000004014f4 in fTroficfren (num=@0x5a1c0c0: 1) at /rhome/r/rpolic1/workspace/TP/T5/Z4/main.cpp:16
#37 0x00000000004014f4 in fTroficfren (num=@0x5a1c0c0: 1) at /rhome/r/rpolic1/workspace/TP/T5/Z4/main.cpp:16
#38 0x00000000004014f4 in fTroficfren (num=@0x5a1c0c0: 1) at /rhome/r/rpolic1/workspace/TP/T5/Z4/main.cpp:16
#39 0x00000000004014f4 in fTroficfren (num=@0x5a1c0c0: 1) at /rhome/r/rpolic1/workspace/TP/T5/Z4/main.cpp:16
#40 0x00000000004014f4 in fTroficfren (num=@0x5a1c0c0: 1) at /rhome/r/rpolic1/workspace/TP/T5/Z4/main.cpp:16
#41 0x00000000004014f4 in fTroficfren (num=@0x5a1c0c0: 1) at /rhome/r/rpolic1/workspace/TP/T5/Z4/main.cpp:16
#42 0x00000000004014f4 in fTroficfren (num=@0x5a1c0c0: 1) at /rhome/r/rpolic1/workspace/TP/T5/Z4/main.cpp:16
#43 0x00000000004014f4 in fTroficfren (num=@0x5a1c0c0: 1) at /rhome/r/rpolic1/workspace/TP/T5/Z4/main.cpp:16
#44 0x00000000004014f4 in fTroficfren (num=@0x5a1c0c0: 1) at /rhome/r/rpolic1/workspace/TP/T5/Z4/main.cpp:16
#45 0x00000000004014f4 in fTroficfren (num=@0x5a1c0c0: 1) at /rhome/r/rpolic1/workspace/TP/T5/Z4/main.cpp:16
#46 0x00000000004014f4 in fTroficfren (num=@0x5a1c0c0: 1) at /rhome/r/rpolic1/workspace/TP/T5/Z4/main.cpp:16
#47 0x00000000004014f4 in fTroficfren (num=@0x5a1c0c0: 1) at /rhome/r/rpolic1/workspace/TP/T5/Z4/main.cpp:16
#48 0x00000000004014f4 in fTroficfren (num=@0x5a1c0c0: 1) at /rhome/r/rpolic1/workspace/TP/T5/Z4/main.cpp:16
#49 0x00000000004014f4 in fTroficfren (num=@0x5a1c0c0: 1) at /rhome/r/rpolic1/workspace/TP/T5/Z4/main.cpp:16
#50 0x00000000004014f4 in fTroficfren (num=@0x5a1c0c0: 1) at /rhome/r/rpolic1/workspace/TP/T5/Z4/main.cpp:16
#51 0x00000000004014f4 in fTroficfren (num=@0x5a1c0c0: 1) at /rhome/r/rpolic1/workspace/TP/T5/Z4/main.cpp:16
#52 0x00000000004014f4 in fTroficfren (num=@0x5a1c0c0: 1) at /rhome/r/rpolic1/workspace/TP/T5/Z4/main.cpp:16
#53 0x00000000004014f4 in fTroficfren (num=@0x5a1c0c0: 1) at /rhome/r/rpolic1/workspace/TP/T5/Z4/main.cpp:16
#54 0x00000000004014f4 in fTroficfren (num=@0x5a1c0c0: 1) at /rhome/r/rpolic1/workspace/TP/T5/Z4/main.cpp:16
#55 0x00000000004014f4 in fTroficfren (num=@0x5a1c0c0: 1) at /rhome/r/rpolic1/workspace/TP/T5/Z4/main.cpp:16
#56 0x00000000004014f4 in fTroficfren (num=@0x5a1c0c0: 1) at /rhome/r/rpolic1/workspace/TP/T5/Z4/main.cpp:16
#57 0x00000000004014f4 in fTroficfren (num=@0x5a1c0c0: 1) at /rhome/r/rpolic1/workspace/TP/T5/Z4/main.cpp:16
#58 0x00000000004014f4 in fTroficfren (num=@0x5a1c0c0: 1) at /rhome/r/rpolic1/workspace/TP/T5/Z4/main.cpp:16
#59 0x00000000004014f4 in fTroficfren (num=@0x5a1c0c0: 1) at /rhome/r/rpolic1/workspace/TP/T5/Z4/main.cpp:16
#60 0x00000000004014f4 in fTroficfren (num=@0x5a1c0c0: 1) at /rhome/r/rpolic1/workspace/TP/T5/Z4/main.cpp:16
#61 0x00000000004014f4 in fTroficfren (num=@0x5a1c0c0: 1) at /rhome/r/rpolic1/workspace/TP/T5/Z4/main.cpp:16
#62 0x00000000004014f4 in fTroficfren (num=@0x5a1c0c0: 1) at /rhome/r/rpolic1/workspace/TP/T5/Z4/main.cpp:16
#63 0x00000000004014f4 in fTroficfren (num=@0x5a1c0c0: 1) at /rhome/r/rpolic1/workspace/TP/T5/Z4/main.cpp:16
#64 0x00000000004014f4 in fTroficfren (num=@0x5a1c0c0: 1) at /rhome/r/rpolic1/workspace/TP/T5/Z4/main.cpp:16
#65 0x00000000004014f4 in fTroficfren (num=@0x5a1c0c0: 1) at /rhome/r/rpolic1/workspace/TP/T5/Z4/main.cpp:16
#66 0x00000000004014f4 in fTroficfren (num=@0x5a1c0c0: 1) at /rhome/r/rpolic1/workspace/TP/T5/Z4/main.cpp:16
#67 0x00000000004014f4 in fTroficfren (num=@0x5a1c0c0: 1) at /rhome/r/rpolic1/workspace/TP/T5/Z4/main.cpp:16
#68 0x00000000004014f4 in fTroficfren (num=@0x5a1c0c0: 1) at /rhome/r/rpolic1/workspace/TP/T5/Z4/main.cpp:16
#69 0x00000000004014f4 in fTroficfren (num=@0x5a1c0c0: 1) at /rhome/r/rpolic1/workspace/TP/T5/Z4/main.cpp:16
#70 0x00000000004014f4 in fTroficfren (num=@0x5a1c0c0: 1) at /rhome/r/rpolic1/workspace/TP/T5/Z4/main.cpp:16
#71 0x00000000004014f4 in fTroficfren (num=@0x5a1c0c0: 1) at /rhome/r/rpolic1/workspace/TP/T5/Z4/main.cpp:16
#72 0x00000000004014f4 in fTroficfren (num=@0x5a1c0c0: 1) at /rhome/r/rpolic1/workspace/TP/T5/Z4/main.cpp:16
#73 0x00000000004014f4 in fTroficfren (num=@0x5a1c0c0: 1) at /rhome/r/rpolic1/workspace/TP/T5/Z4/main.cpp:16
#74 0x00000000004014f4 in fTroficfren (num=@0x5a1c0c0: 1) at /rhome/r/rpolic1/workspace/TP/T5/Z4/main.cpp:16
#75 0x00000000004014f4 in fTroficfren (num=@0x5a1c0c0: 1) at /rhome/r/rpolic1/workspace/TP/T5/Z4/main.cpp:16
#76 0x00000000004014f4 in fTroficfren (num=@0x5a1c0c0: 1) at /rhome/r/rpolic1/workspace/TP/T5/Z4/main.cpp:16
#77 0x00000000004014f4 in fTroficfren (num=@0x5a1c0c0: 1) at /rhome/r/rpolic1/workspace/TP/T5/Z4/main.cpp:16
#78 0x00000000004014f4 in fTroficfren (num=@0x5a1c0c0: 1) at /rhome/r/rpolic1/workspace/TP/T5/Z4/main.cpp:16
#79 0x00000000004014f4 in fTroficfren (num=@0x5a1c0c0: 1) at /rhome/r/rpolic1/workspace/TP/T5/Z4/main.cpp:16
#80 0x00000000004014f4 in fTroficfren (num=@0x5a1c0c0: 1) at /rhome/r/rpolic1/workspace/TP/T5/Z4/main.cpp:16
#81 0x00000000004014f4 in fTroficfren (num=@0x5a1c0c0: 1) at /rhome/r/rpolic1/workspace/TP/T5/Z4/main.cpp:16
#82 0x00000000004014f4 in fTroficfren (num=@0x5a1c0c0: 1) at /rhome/r/rpolic1/workspace/TP/T5/Z4/main.cpp:16
#83 0x00000000004014f4 in fTroficfren (num=@0x5a1c0c0: 1) at /rhome/r/rpolic1/workspace/TP/T5/Z4/main.cpp:16
#84 0x00000000004014f4 in fTroficfren (num=@0x5a1c0c0: 1) at /rhome/r/rpolic1/workspace/TP/T5/Z4/main.cpp:16
#85 0x00000000004014f4 in fTroficfren (num=@0x5a1c0c0: 1) at /rhome/r/rpolic1/workspace/TP/T5/Z4/main.cpp:16
#86 0x00000000004014f4 in fTroficfren (num=@0x5a1c0c0: 1) at /rhome/r/rpolic1/workspace/TP/T5/Z4/main.cpp:16
#87 0x00000000004014f4 in fTroficfren (num=@0x5a1c0c0: 1) at /rhome/r/rpolic1/workspace/TP/T5/Z4/main.cpp:16
#88 0x00000000004014f4 in fTroficfren (num=@0x5a1c0c0: 1) at /rhome/r/rpolic1/workspace/TP/T5/Z4/main.cpp:16
#89 0x00000000004014f4 in fTroficfren (num=@0x5a1c0c0: 1) at /rhome/r/rpolic1/workspace/TP/T5/Z4/main.cpp:16
#90 0x00000000004014f4 in fTroficfren (num=@0x5a1c0c0: 1) at /rhome/r/rpolic1/workspace/TP/T5/Z4/main.cpp:16
#91 0x00000000004014f4 in fTroficfren (num=@0x5a1c0c0: 1) at /rhome/r/rpolic1/workspace/TP/T5/Z4/main.cpp:16
#92 0x00000000004014f4 in fTroficfren (num=@0x5a1c0c0: 1) at /rhome/r/rpolic1/workspace/TP/T5/Z4/main.cpp:16
#93 0x00000000004014f4 in fTroficfren (num=@0x5a1c0c0: 1) at /rhome/r/rpolic1/workspace/TP/T5/Z4/main.cpp:16
#94 0x00000000004014f4 in fTroficfren (num=@0x5a1c0c0: 1) at /rhome/r/rpolic1/workspace/TP/T5/Z4/main.cpp:16
#95 0x00000000004014f4 in fTroficfren (num=@0x5a1c0c0: 1) at /rhome/r/rpolic1/workspace/TP/T5/Z4/main.cpp:16
#96 0x00000000004014f4 in fTroficfren (num=@0x5a1c0c0: 1) at /rhome/r/rpolic1/workspace/TP/T5/Z4/main.cpp:16
#97 0x00000000004014f4 in fTroficfren (num=@0x5a1c0c0: 1) at /rhome/r/rpolic1/workspace/TP/T5/Z4/main.cpp:16
#98 0x00000000004014f4 in fTroficfren (num=@0x5a1c0c0: 1) at /rhome/r/rpolic1/workspace/TP/T5/Z4/main.cpp:16
#99 0x00000000004014f4 in fTroficfren (num=@0x5a1c0c0: 1) at /rhome/r/rpolic1/workspace/TP/T5/Z4/main.cpp:16
